[2024-06-25T12:33:26.715+0000] {local_task_job_runner.py:120} INFO - ::group::Pre task execution logs
[2024-06-25T12:33:27.285+0000] {taskinstance.py:2076} INFO - Dependencies all met for dep_context=non-requeueable deps ti=<TaskInstance: first_pipeline.end scheduled__2023-07-01T00:00:00+00:00 [queued]>
[2024-06-25T12:33:27.403+0000] {taskinstance.py:2076} INFO - Dependencies all met for dep_context=requeueable deps ti=<TaskInstance: first_pipeline.end scheduled__2023-07-01T00:00:00+00:00 [queued]>
[2024-06-25T12:33:27.408+0000] {taskinstance.py:2306} INFO - Starting attempt 1 of 1
[2024-06-25T12:33:27.801+0000] {taskinstance.py:2330} INFO - Executing <Task(BashOperator): end> on 2023-07-01 00:00:00+00:00
[2024-06-25T12:33:27.850+0000] {standard_task_runner.py:90} INFO - Running: ['***', 'tasks', 'run', 'first_pipeline', 'end', 'scheduled__2023-07-01T00:00:00+00:00', '--job-id', '557', '--raw', '--subdir', 'DAGS_FOLDER/first_pipeline.py', '--cfg-path', '/tmp/tmp8631hypy']
[2024-06-25T12:33:27.865+0000] {standard_task_runner.py:91} INFO - Job 557: Subtask end
[2024-06-25T12:33:27.862+0000] {logging_mixin.py:188} WARNING - /home/***/.local/lib/python3.12/site-packages/***/task/task_runner/standard_task_runner.py:61 DeprecationWarning: This process (pid=1923) is multi-threaded, use of fork() may lead to deadlocks in the child.
[2024-06-25T12:33:27.873+0000] {standard_task_runner.py:63} INFO - Started process 1933 to run task
[2024-06-25T12:33:27.962+0000] {logging_mixin.py:188} WARNING - /home/***/.local/lib/python3.12/site-packages/***/settings.py:195 DeprecationWarning: The sql_alchemy_conn option in [core] has been moved to the sql_alchemy_conn option in [database] - the old setting has been used, but please update your config.
[2024-06-25T12:33:28.332+0000] {task_command.py:426} INFO - Running <TaskInstance: first_pipeline.end scheduled__2023-07-01T00:00:00+00:00 [running]> on host 9e56b32d651a
[2024-06-25T12:33:28.948+0000] {taskinstance.py:2648} INFO - Exporting env vars: AIRFLOW_CTX_DAG_OWNER='***' AIRFLOW_CTX_DAG_ID='first_pipeline' AIRFLOW_CTX_TASK_ID='end' AIRFLOW_CTX_EXECUTION_DATE='2023-07-01T00:00:00+00:00' AIRFLOW_CTX_TRY_NUMBER='1' AIRFLOW_CTX_DAG_RUN_ID='scheduled__2023-07-01T00:00:00+00:00'
[2024-06-25T12:33:28.954+0000] {taskinstance.py:430} INFO - ::endgroup::
[2024-06-25T12:33:28.956+0000] {subprocess.py:63} INFO - Tmp dir root location: /tmp
[2024-06-25T12:33:28.958+0000] {subprocess.py:75} INFO - Running command: ['/usr/bin/bash', '-c', 'echo "Pipeline finished."']
[2024-06-25T12:33:28.995+0000] {subprocess.py:86} INFO - Output:
[2024-06-25T12:33:29.030+0000] {subprocess.py:93} INFO - Pipeline finished.
[2024-06-25T12:33:29.044+0000] {subprocess.py:97} INFO - Command exited with return code 0
[2024-06-25T12:33:29.058+0000] {taskinstance.py:441} INFO - ::group::Post task execution logs
[2024-06-25T12:33:29.245+0000] {taskinstance.py:1206} INFO - Marking task as SUCCESS. dag_id=first_pipeline, task_id=end, run_id=scheduled__2023-07-01T00:00:00+00:00, execution_date=20230701T000000, start_date=20240625T123327, end_date=20240625T123329
[2024-06-25T12:33:29.421+0000] {local_task_job_runner.py:240} INFO - Task exited with return code 0
[2024-06-25T12:33:29.469+0000] {local_task_job_runner.py:222} INFO - ::endgroup::
