[2024-06-25T12:35:41.961+0000] {local_task_job_runner.py:120} INFO - ::group::Pre task execution logs
[2024-06-25T12:35:42.344+0000] {taskinstance.py:2076} INFO - Dependencies all met for dep_context=non-requeueable deps ti=<TaskInstance: first_pipeline.start scheduled__2023-09-20T00:00:00+00:00 [queued]>
[2024-06-25T12:35:42.421+0000] {taskinstance.py:2076} INFO - Dependencies all met for dep_context=requeueable deps ti=<TaskInstance: first_pipeline.start scheduled__2023-09-20T00:00:00+00:00 [queued]>
[2024-06-25T12:35:42.425+0000] {taskinstance.py:2306} INFO - Starting attempt 1 of 1
[2024-06-25T12:35:42.558+0000] {taskinstance.py:2330} INFO - Executing <Task(BashOperator): start> on 2023-09-20 00:00:00+00:00
[2024-06-25T12:35:42.641+0000] {standard_task_runner.py:90} INFO - Running: ['***', 'tasks', 'run', 'first_pipeline', 'start', 'scheduled__2023-09-20T00:00:00+00:00', '--job-id', '775', '--raw', '--subdir', 'DAGS_FOLDER/first_pipeline.py', '--cfg-path', '/tmp/tmpn2ns1pcy']
[2024-06-25T12:35:42.650+0000] {logging_mixin.py:188} WARNING - /home/***/.local/lib/python3.12/site-packages/***/task/task_runner/standard_task_runner.py:61 DeprecationWarning: This process (pid=2523) is multi-threaded, use of fork() may lead to deadlocks in the child.
[2024-06-25T12:35:42.676+0000] {standard_task_runner.py:63} INFO - Started process 2538 to run task
[2024-06-25T12:35:42.679+0000] {standard_task_runner.py:91} INFO - Job 775: Subtask start
[2024-06-25T12:35:42.813+0000] {logging_mixin.py:188} WARNING - /home/***/.local/lib/python3.12/site-packages/***/settings.py:195 DeprecationWarning: The sql_alchemy_conn option in [core] has been moved to the sql_alchemy_conn option in [database] - the old setting has been used, but please update your config.
[2024-06-25T12:35:43.122+0000] {task_command.py:426} INFO - Running <TaskInstance: first_pipeline.start scheduled__2023-09-20T00:00:00+00:00 [running]> on host 9e56b32d651a
[2024-06-25T12:35:44.219+0000] {taskinstance.py:2648} INFO - Exporting env vars: AIRFLOW_CTX_DAG_OWNER='***' AIRFLOW_CTX_DAG_ID='first_pipeline' AIRFLOW_CTX_TASK_ID='start' AIRFLOW_CTX_EXECUTION_DATE='2023-09-20T00:00:00+00:00' AIRFLOW_CTX_TRY_NUMBER='1' AIRFLOW_CTX_DAG_RUN_ID='scheduled__2023-09-20T00:00:00+00:00'
[2024-06-25T12:35:44.230+0000] {taskinstance.py:430} INFO - ::endgroup::
[2024-06-25T12:35:44.236+0000] {subprocess.py:63} INFO - Tmp dir root location: /tmp
[2024-06-25T12:35:44.242+0000] {subprocess.py:75} INFO - Running command: ['/usr/bin/bash', '-c', 'echo "Starting the pipeline..."']
[2024-06-25T12:35:44.296+0000] {subprocess.py:86} INFO - Output:
[2024-06-25T12:35:44.350+0000] {subprocess.py:93} INFO - Starting the pipeline...
[2024-06-25T12:35:44.363+0000] {subprocess.py:97} INFO - Command exited with return code 0
[2024-06-25T12:35:44.396+0000] {taskinstance.py:441} INFO - ::group::Post task execution logs
[2024-06-25T12:35:44.640+0000] {taskinstance.py:1206} INFO - Marking task as SUCCESS. dag_id=first_pipeline, task_id=start, run_id=scheduled__2023-09-20T00:00:00+00:00, execution_date=20230920T000000, start_date=20240625T123542, end_date=20240625T123544
[2024-06-25T12:35:45.250+0000] {local_task_job_runner.py:240} INFO - Task exited with return code 0
[2024-06-25T12:35:45.738+0000] {taskinstance.py:3503} INFO - 1 downstream tasks scheduled from follow-on schedule check
[2024-06-25T12:35:45.785+0000] {local_task_job_runner.py:222} INFO - ::endgroup::
