[2024-06-25T12:30:50.393+0000] {local_task_job_runner.py:120} INFO - ::group::Pre task execution logs
[2024-06-25T12:30:51.422+0000] {taskinstance.py:2076} INFO - Dependencies all met for dep_context=non-requeueable deps ti=<TaskInstance: first_pipeline.process_data scheduled__2023-05-15T00:00:00+00:00 [queued]>
[2024-06-25T12:30:51.709+0000] {taskinstance.py:2076} INFO - Dependencies all met for dep_context=requeueable deps ti=<TaskInstance: first_pipeline.process_data scheduled__2023-05-15T00:00:00+00:00 [queued]>
[2024-06-25T12:30:51.718+0000] {taskinstance.py:2306} INFO - Starting attempt 1 of 1
[2024-06-25T12:30:52.699+0000] {taskinstance.py:2330} INFO - Executing <Task(_PythonDecoratedOperator): process_data> on 2023-05-15 00:00:00+00:00
[2024-06-25T12:30:52.790+0000] {standard_task_runner.py:90} INFO - Running: ['***', 'tasks', 'run', 'first_pipeline', 'process_data', 'scheduled__2023-05-15T00:00:00+00:00', '--job-id', '404', '--raw', '--subdir', 'DAGS_FOLDER/first_pipeline.py', '--cfg-path', '/tmp/tmpdj4skal6']
[2024-06-25T12:30:52.795+0000] {standard_task_runner.py:91} INFO - Job 404: Subtask process_data
[2024-06-25T12:30:52.907+0000] {logging_mixin.py:188} WARNING - /home/***/.local/lib/python3.12/site-packages/***/task/task_runner/standard_task_runner.py:61 DeprecationWarning: This process (pid=1487) is multi-threaded, use of fork() may lead to deadlocks in the child.
[2024-06-25T12:30:52.936+0000] {standard_task_runner.py:63} INFO - Started process 1502 to run task
[2024-06-25T12:30:52.995+0000] {logging_mixin.py:188} WARNING - /home/***/.local/lib/python3.12/site-packages/***/settings.py:195 DeprecationWarning: The sql_alchemy_conn option in [core] has been moved to the sql_alchemy_conn option in [database] - the old setting has been used, but please update your config.
[2024-06-25T12:30:53.898+0000] {task_command.py:426} INFO - Running <TaskInstance: first_pipeline.process_data scheduled__2023-05-15T00:00:00+00:00 [running]> on host 9e56b32d651a
[2024-06-25T12:30:55.360+0000] {taskinstance.py:2648} INFO - Exporting env vars: AIRFLOW_CTX_DAG_OWNER='***' AIRFLOW_CTX_DAG_ID='first_pipeline' AIRFLOW_CTX_TASK_ID='process_data' AIRFLOW_CTX_EXECUTION_DATE='2023-05-15T00:00:00+00:00' AIRFLOW_CTX_TRY_NUMBER='1' AIRFLOW_CTX_DAG_RUN_ID='scheduled__2023-05-15T00:00:00+00:00'
[2024-06-25T12:30:55.403+0000] {taskinstance.py:430} INFO - ::endgroup::
[2024-06-25T12:30:55.430+0000] {logging_mixin.py:188} INFO - Processing data...
[2024-06-25T12:30:55.444+0000] {python.py:237} INFO - Done. Returned value was: None
[2024-06-25T12:30:55.469+0000] {taskinstance.py:441} INFO - ::group::Post task execution logs
[2024-06-25T12:30:55.573+0000] {taskinstance.py:1206} INFO - Marking task as SUCCESS. dag_id=first_pipeline, task_id=process_data, run_id=scheduled__2023-05-15T00:00:00+00:00, execution_date=20230515T000000, start_date=20240625T123051, end_date=20240625T123055
[2024-06-25T12:30:55.848+0000] {local_task_job_runner.py:240} INFO - Task exited with return code 0
[2024-06-25T12:30:56.225+0000] {taskinstance.py:3503} INFO - 1 downstream tasks scheduled from follow-on schedule check
[2024-06-25T12:30:56.258+0000] {local_task_job_runner.py:222} INFO - ::endgroup::
