[2024-06-25T12:31:19.737+0000] {local_task_job_runner.py:120} INFO - ::group::Pre task execution logs
[2024-06-25T12:31:19.905+0000] {taskinstance.py:2076} INFO - Dependencies all met for dep_context=non-requeueable deps ti=<TaskInstance: first_pipeline.end scheduled__2023-05-24T00:00:00+00:00 [queued]>
[2024-06-25T12:31:19.935+0000] {taskinstance.py:2076} INFO - Dependencies all met for dep_context=requeueable deps ti=<TaskInstance: first_pipeline.end scheduled__2023-05-24T00:00:00+00:00 [queued]>
[2024-06-25T12:31:19.936+0000] {taskinstance.py:2306} INFO - Starting attempt 1 of 1
[2024-06-25T12:31:19.994+0000] {taskinstance.py:2330} INFO - Executing <Task(BashOperator): end> on 2023-05-24 00:00:00+00:00
[2024-06-25T12:31:20.011+0000] {logging_mixin.py:188} WARNING - /home/***/.local/lib/python3.12/site-packages/***/task/task_runner/standard_task_runner.py:61 DeprecationWarning: This process (pid=1578) is multi-threaded, use of fork() may lead to deadlocks in the child.
[2024-06-25T12:31:20.011+0000] {standard_task_runner.py:90} INFO - Running: ['***', 'tasks', 'run', 'first_pipeline', 'end', 'scheduled__2023-05-24T00:00:00+00:00', '--job-id', '433', '--raw', '--subdir', 'DAGS_FOLDER/first_pipeline.py', '--cfg-path', '/tmp/tmpcvo7cbaa']
[2024-06-25T12:31:20.018+0000] {standard_task_runner.py:91} INFO - Job 433: Subtask end
[2024-06-25T12:31:20.017+0000] {standard_task_runner.py:63} INFO - Started process 1581 to run task
[2024-06-25T12:31:20.119+0000] {logging_mixin.py:188} WARNING - /home/***/.local/lib/python3.12/site-packages/***/settings.py:195 DeprecationWarning: The sql_alchemy_conn option in [core] has been moved to the sql_alchemy_conn option in [database] - the old setting has been used, but please update your config.
[2024-06-25T12:31:20.271+0000] {task_command.py:426} INFO - Running <TaskInstance: first_pipeline.end scheduled__2023-05-24T00:00:00+00:00 [running]> on host 9e56b32d651a
[2024-06-25T12:31:20.638+0000] {taskinstance.py:2648} INFO - Exporting env vars: AIRFLOW_CTX_DAG_OWNER='***' AIRFLOW_CTX_DAG_ID='first_pipeline' AIRFLOW_CTX_TASK_ID='end' AIRFLOW_CTX_EXECUTION_DATE='2023-05-24T00:00:00+00:00' AIRFLOW_CTX_TRY_NUMBER='1' AIRFLOW_CTX_DAG_RUN_ID='scheduled__2023-05-24T00:00:00+00:00'
[2024-06-25T12:31:20.640+0000] {taskinstance.py:430} INFO - ::endgroup::
[2024-06-25T12:31:20.643+0000] {subprocess.py:63} INFO - Tmp dir root location: /tmp
[2024-06-25T12:31:20.645+0000] {subprocess.py:75} INFO - Running command: ['/usr/bin/bash', '-c', 'echo "Pipeline finished."']
[2024-06-25T12:31:20.662+0000] {subprocess.py:86} INFO - Output:
[2024-06-25T12:31:20.666+0000] {subprocess.py:93} INFO - Pipeline finished.
[2024-06-25T12:31:20.668+0000] {subprocess.py:97} INFO - Command exited with return code 0
[2024-06-25T12:31:20.670+0000] {taskinstance.py:441} INFO - ::group::Post task execution logs
[2024-06-25T12:31:20.734+0000] {taskinstance.py:1206} INFO - Marking task as SUCCESS. dag_id=first_pipeline, task_id=end, run_id=scheduled__2023-05-24T00:00:00+00:00, execution_date=20230524T000000, start_date=20240625T123119, end_date=20240625T123120
[2024-06-25T12:31:20.795+0000] {local_task_job_runner.py:240} INFO - Task exited with return code 0
[2024-06-25T12:31:20.836+0000] {taskinstance.py:3503} INFO - 0 downstream tasks scheduled from follow-on schedule check
[2024-06-25T12:31:20.842+0000] {local_task_job_runner.py:222} INFO - ::endgroup::
