[2024-06-25T12:30:57.955+0000] {local_task_job_runner.py:120} INFO - ::group::Pre task execution logs
[2024-06-25T12:30:59.255+0000] {taskinstance.py:2076} INFO - Dependencies all met for dep_context=non-requeueable deps ti=<TaskInstance: first_pipeline.start scheduled__2023-05-22T00:00:00+00:00 [queued]>
[2024-06-25T12:30:59.363+0000] {taskinstance.py:2076} INFO - Dependencies all met for dep_context=requeueable deps ti=<TaskInstance: first_pipeline.start scheduled__2023-05-22T00:00:00+00:00 [queued]>
[2024-06-25T12:30:59.371+0000] {taskinstance.py:2306} INFO - Starting attempt 1 of 1
[2024-06-25T12:30:59.945+0000] {taskinstance.py:2330} INFO - Executing <Task(BashOperator): start> on 2023-05-22 00:00:00+00:00
[2024-06-25T12:31:00.185+0000] {standard_task_runner.py:90} INFO - Running: ['***', 'tasks', 'run', 'first_pipeline', 'start', 'scheduled__2023-05-22T00:00:00+00:00', '--job-id', '411', '--raw', '--subdir', 'DAGS_FOLDER/first_pipeline.py', '--cfg-path', '/tmp/tmp19zb_1h3']
[2024-06-25T12:31:00.246+0000] {standard_task_runner.py:91} INFO - Job 411: Subtask start
[2024-06-25T12:31:00.226+0000] {logging_mixin.py:188} WARNING - /home/***/.local/lib/python3.12/site-packages/***/task/task_runner/standard_task_runner.py:61 DeprecationWarning: This process (pid=1506) is multi-threaded, use of fork() may lead to deadlocks in the child.
[2024-06-25T12:31:00.277+0000] {standard_task_runner.py:63} INFO - Started process 1524 to run task
[2024-06-25T12:31:00.606+0000] {logging_mixin.py:188} WARNING - /home/***/.local/lib/python3.12/site-packages/***/settings.py:195 DeprecationWarning: The sql_alchemy_conn option in [core] has been moved to the sql_alchemy_conn option in [database] - the old setting has been used, but please update your config.
[2024-06-25T12:31:01.908+0000] {task_command.py:426} INFO - Running <TaskInstance: first_pipeline.start scheduled__2023-05-22T00:00:00+00:00 [running]> on host 9e56b32d651a
[2024-06-25T12:31:04.174+0000] {taskinstance.py:2648} INFO - Exporting env vars: AIRFLOW_CTX_DAG_OWNER='***' AIRFLOW_CTX_DAG_ID='first_pipeline' AIRFLOW_CTX_TASK_ID='start' AIRFLOW_CTX_EXECUTION_DATE='2023-05-22T00:00:00+00:00' AIRFLOW_CTX_TRY_NUMBER='1' AIRFLOW_CTX_DAG_RUN_ID='scheduled__2023-05-22T00:00:00+00:00'
[2024-06-25T12:31:04.209+0000] {taskinstance.py:430} INFO - ::endgroup::
[2024-06-25T12:31:04.215+0000] {subprocess.py:63} INFO - Tmp dir root location: /tmp
[2024-06-25T12:31:04.229+0000] {subprocess.py:75} INFO - Running command: ['/usr/bin/bash', '-c', 'echo "Starting the pipeline..."']
[2024-06-25T12:31:04.382+0000] {subprocess.py:86} INFO - Output:
[2024-06-25T12:31:04.410+0000] {subprocess.py:93} INFO - Starting the pipeline...
[2024-06-25T12:31:04.416+0000] {subprocess.py:97} INFO - Command exited with return code 0
[2024-06-25T12:31:04.418+0000] {taskinstance.py:441} INFO - ::group::Post task execution logs
[2024-06-25T12:31:04.660+0000] {taskinstance.py:1206} INFO - Marking task as SUCCESS. dag_id=first_pipeline, task_id=start, run_id=scheduled__2023-05-22T00:00:00+00:00, execution_date=20230522T000000, start_date=20240625T123059, end_date=20240625T123104
[2024-06-25T12:31:05.164+0000] {local_task_job_runner.py:240} INFO - Task exited with return code 0
[2024-06-25T12:31:05.352+0000] {local_task_job_runner.py:222} INFO - ::endgroup::
