[2024-06-25T12:31:38.226+0000] {local_task_job_runner.py:120} INFO - ::group::Pre task execution logs
[2024-06-25T12:31:39.213+0000] {taskinstance.py:2076} INFO - Dependencies all met for dep_context=non-requeueable deps ti=<TaskInstance: first_pipeline.process_data scheduled__2023-05-27T00:00:00+00:00 [queued]>
[2024-06-25T12:31:39.516+0000] {taskinstance.py:2076} INFO - Dependencies all met for dep_context=requeueable deps ti=<TaskInstance: first_pipeline.process_data scheduled__2023-05-27T00:00:00+00:00 [queued]>
[2024-06-25T12:31:39.549+0000] {taskinstance.py:2306} INFO - Starting attempt 1 of 1
[2024-06-25T12:31:39.757+0000] {taskinstance.py:2330} INFO - Executing <Task(_PythonDecoratedOperator): process_data> on 2023-05-27 00:00:00+00:00
[2024-06-25T12:31:39.954+0000] {standard_task_runner.py:90} INFO - Running: ['***', 'tasks', 'run', 'first_pipeline', 'process_data', 'scheduled__2023-05-27T00:00:00+00:00', '--job-id', '446', '--raw', '--subdir', 'DAGS_FOLDER/first_pipeline.py', '--cfg-path', '/tmp/tmpnc6kn8zi']
[2024-06-25T12:31:40.005+0000] {standard_task_runner.py:91} INFO - Job 446: Subtask process_data
[2024-06-25T12:31:40.003+0000] {logging_mixin.py:188} WARNING - /home/***/.local/lib/python3.12/site-packages/***/task/task_runner/standard_task_runner.py:61 DeprecationWarning: This process (pid=1609) is multi-threaded, use of fork() may lead to deadlocks in the child.
[2024-06-25T12:31:40.035+0000] {standard_task_runner.py:63} INFO - Started process 1630 to run task
[2024-06-25T12:31:40.192+0000] {logging_mixin.py:188} WARNING - /home/***/.local/lib/python3.12/site-packages/***/settings.py:195 DeprecationWarning: The sql_alchemy_conn option in [core] has been moved to the sql_alchemy_conn option in [database] - the old setting has been used, but please update your config.
[2024-06-25T12:31:41.053+0000] {task_command.py:426} INFO - Running <TaskInstance: first_pipeline.process_data scheduled__2023-05-27T00:00:00+00:00 [running]> on host 9e56b32d651a
[2024-06-25T12:31:42.795+0000] {taskinstance.py:2648} INFO - Exporting env vars: AIRFLOW_CTX_DAG_OWNER='***' AIRFLOW_CTX_DAG_ID='first_pipeline' AIRFLOW_CTX_TASK_ID='process_data' AIRFLOW_CTX_EXECUTION_DATE='2023-05-27T00:00:00+00:00' AIRFLOW_CTX_TRY_NUMBER='1' AIRFLOW_CTX_DAG_RUN_ID='scheduled__2023-05-27T00:00:00+00:00'
[2024-06-25T12:31:42.800+0000] {taskinstance.py:430} INFO - ::endgroup::
[2024-06-25T12:31:42.820+0000] {logging_mixin.py:188} INFO - Processing data...
[2024-06-25T12:31:42.828+0000] {python.py:237} INFO - Done. Returned value was: None
[2024-06-25T12:31:42.845+0000] {taskinstance.py:441} INFO - ::group::Post task execution logs
[2024-06-25T12:31:42.967+0000] {taskinstance.py:1206} INFO - Marking task as SUCCESS. dag_id=first_pipeline, task_id=process_data, run_id=scheduled__2023-05-27T00:00:00+00:00, execution_date=20230527T000000, start_date=20240625T123139, end_date=20240625T123142
[2024-06-25T12:31:45.717+0000] {local_task_job_runner.py:240} INFO - Task exited with return code 0
[2024-06-25T12:31:46.171+0000] {taskinstance.py:3503} INFO - 1 downstream tasks scheduled from follow-on schedule check
[2024-06-25T12:31:46.226+0000] {local_task_job_runner.py:222} INFO - ::endgroup::
