[2024-06-25T12:31:46.334+0000] {local_task_job_runner.py:120} INFO - ::group::Pre task execution logs
[2024-06-25T12:31:47.324+0000] {taskinstance.py:2076} INFO - Dependencies all met for dep_context=non-requeueable deps ti=<TaskInstance: first_pipeline.end scheduled__2023-05-26T00:00:00+00:00 [queued]>
[2024-06-25T12:31:47.630+0000] {taskinstance.py:2076} INFO - Dependencies all met for dep_context=requeueable deps ti=<TaskInstance: first_pipeline.end scheduled__2023-05-26T00:00:00+00:00 [queued]>
[2024-06-25T12:31:47.643+0000] {taskinstance.py:2306} INFO - Starting attempt 1 of 1
[2024-06-25T12:31:48.900+0000] {taskinstance.py:2330} INFO - Executing <Task(BashOperator): end> on 2023-05-26 00:00:00+00:00
[2024-06-25T12:31:49.134+0000] {standard_task_runner.py:90} INFO - Running: ['***', 'tasks', 'run', 'first_pipeline', 'end', 'scheduled__2023-05-26T00:00:00+00:00', '--job-id', '455', '--raw', '--subdir', 'DAGS_FOLDER/first_pipeline.py', '--cfg-path', '/tmp/tmpupl2rzb8']
[2024-06-25T12:31:49.189+0000] {standard_task_runner.py:91} INFO - Job 455: Subtask end
[2024-06-25T12:31:49.222+0000] {logging_mixin.py:188} WARNING - /home/***/.local/lib/python3.12/site-packages/***/task/task_runner/standard_task_runner.py:61 DeprecationWarning: This process (pid=1633) is multi-threaded, use of fork() may lead to deadlocks in the child.
[2024-06-25T12:31:49.255+0000] {standard_task_runner.py:63} INFO - Started process 1645 to run task
[2024-06-25T12:31:50.047+0000] {logging_mixin.py:188} WARNING - /home/***/.local/lib/python3.12/site-packages/***/settings.py:195 DeprecationWarning: The sql_alchemy_conn option in [core] has been moved to the sql_alchemy_conn option in [database] - the old setting has been used, but please update your config.
[2024-06-25T12:31:51.128+0000] {task_command.py:426} INFO - Running <TaskInstance: first_pipeline.end scheduled__2023-05-26T00:00:00+00:00 [running]> on host 9e56b32d651a
[2024-06-25T12:31:52.640+0000] {taskinstance.py:2648} INFO - Exporting env vars: AIRFLOW_CTX_DAG_OWNER='***' AIRFLOW_CTX_DAG_ID='first_pipeline' AIRFLOW_CTX_TASK_ID='end' AIRFLOW_CTX_EXECUTION_DATE='2023-05-26T00:00:00+00:00' AIRFLOW_CTX_TRY_NUMBER='1' AIRFLOW_CTX_DAG_RUN_ID='scheduled__2023-05-26T00:00:00+00:00'
[2024-06-25T12:31:52.657+0000] {taskinstance.py:430} INFO - ::endgroup::
[2024-06-25T12:31:52.670+0000] {subprocess.py:63} INFO - Tmp dir root location: /tmp
[2024-06-25T12:31:52.672+0000] {subprocess.py:75} INFO - Running command: ['/usr/bin/bash', '-c', 'echo "Pipeline finished."']
[2024-06-25T12:31:52.975+0000] {subprocess.py:86} INFO - Output:
[2024-06-25T12:31:52.991+0000] {subprocess.py:93} INFO - Pipeline finished.
[2024-06-25T12:31:52.994+0000] {subprocess.py:97} INFO - Command exited with return code 0
[2024-06-25T12:31:53.038+0000] {taskinstance.py:441} INFO - ::group::Post task execution logs
[2024-06-25T12:31:53.697+0000] {taskinstance.py:1206} INFO - Marking task as SUCCESS. dag_id=first_pipeline, task_id=end, run_id=scheduled__2023-05-26T00:00:00+00:00, execution_date=20230526T000000, start_date=20240625T123147, end_date=20240625T123153
[2024-06-25T12:31:54.231+0000] {local_task_job_runner.py:240} INFO - Task exited with return code 0
[2024-06-25T12:31:54.451+0000] {local_task_job_runner.py:222} INFO - ::endgroup::
