[2024-06-25T12:29:29.399+0000] {local_task_job_runner.py:120} INFO - ::group::Pre task execution logs
[2024-06-25T12:29:30.087+0000] {taskinstance.py:2076} INFO - Dependencies all met for dep_context=non-requeueable deps ti=<TaskInstance: first_pipeline.end scheduled__2023-04-18T00:00:00+00:00 [queued]>
[2024-06-25T12:29:30.296+0000] {taskinstance.py:2076} INFO - Dependencies all met for dep_context=requeueable deps ti=<TaskInstance: first_pipeline.end scheduled__2023-04-18T00:00:00+00:00 [queued]>
[2024-06-25T12:29:30.327+0000] {taskinstance.py:2306} INFO - Starting attempt 1 of 1
[2024-06-25T12:29:31.060+0000] {taskinstance.py:2330} INFO - Executing <Task(BashOperator): end> on 2023-04-18 00:00:00+00:00
[2024-06-25T12:29:31.711+0000] {logging_mixin.py:188} WARNING - /home/***/.local/lib/python3.12/site-packages/***/task/task_runner/standard_task_runner.py:61 DeprecationWarning: This process (pid=1300) is multi-threaded, use of fork() may lead to deadlocks in the child.
[2024-06-25T12:29:31.914+0000] {standard_task_runner.py:63} INFO - Started process 1318 to run task
[2024-06-25T12:29:31.495+0000] {standard_task_runner.py:90} INFO - Running: ['***', 'tasks', 'run', 'first_pipeline', 'end', 'scheduled__2023-04-18T00:00:00+00:00', '--job-id', '340', '--raw', '--subdir', 'DAGS_FOLDER/first_pipeline.py', '--cfg-path', '/tmp/tmp38qx6jiq']
[2024-06-25T12:29:32.348+0000] {standard_task_runner.py:91} INFO - Job 340: Subtask end
[2024-06-25T12:29:38.618+0000] {logging_mixin.py:188} WARNING - /home/***/.local/lib/python3.12/site-packages/***/settings.py:195 DeprecationWarning: The sql_alchemy_conn option in [core] has been moved to the sql_alchemy_conn option in [database] - the old setting has been used, but please update your config.
[2024-06-25T12:29:40.061+0000] {task_command.py:426} INFO - Running <TaskInstance: first_pipeline.end scheduled__2023-04-18T00:00:00+00:00 [running]> on host 9e56b32d651a
[2024-06-25T12:29:41.791+0000] {taskinstance.py:2648} INFO - Exporting env vars: AIRFLOW_CTX_DAG_OWNER='***' AIRFLOW_CTX_DAG_ID='first_pipeline' AIRFLOW_CTX_TASK_ID='end' AIRFLOW_CTX_EXECUTION_DATE='2023-04-18T00:00:00+00:00' AIRFLOW_CTX_TRY_NUMBER='1' AIRFLOW_CTX_DAG_RUN_ID='scheduled__2023-04-18T00:00:00+00:00'
[2024-06-25T12:29:41.813+0000] {taskinstance.py:430} INFO - ::endgroup::
[2024-06-25T12:29:41.870+0000] {subprocess.py:63} INFO - Tmp dir root location: /tmp
[2024-06-25T12:29:41.956+0000] {subprocess.py:75} INFO - Running command: ['/usr/bin/bash', '-c', 'echo "Pipeline finished."']
[2024-06-25T12:29:42.327+0000] {subprocess.py:86} INFO - Output:
[2024-06-25T12:29:42.347+0000] {subprocess.py:93} INFO - Pipeline finished.
[2024-06-25T12:29:42.375+0000] {subprocess.py:97} INFO - Command exited with return code 0
[2024-06-25T12:29:42.392+0000] {taskinstance.py:441} INFO - ::group::Post task execution logs
[2024-06-25T12:29:42.881+0000] {taskinstance.py:1206} INFO - Marking task as SUCCESS. dag_id=first_pipeline, task_id=end, run_id=scheduled__2023-04-18T00:00:00+00:00, execution_date=20230418T000000, start_date=20240625T122930, end_date=20240625T122942
[2024-06-25T12:29:43.301+0000] {local_task_job_runner.py:240} INFO - Task exited with return code 0
[2024-06-25T12:29:43.376+0000] {local_task_job_runner.py:222} INFO - ::endgroup::
