[2024-06-25T12:33:32.812+0000] {local_task_job_runner.py:120} INFO - ::group::Pre task execution logs
[2024-06-25T12:33:32.888+0000] {taskinstance.py:2076} INFO - Dependencies all met for dep_context=non-requeueable deps ti=<TaskInstance: first_pipeline.end scheduled__2023-07-07T00:00:00+00:00 [queued]>
[2024-06-25T12:33:32.910+0000] {taskinstance.py:2076} INFO - Dependencies all met for dep_context=requeueable deps ti=<TaskInstance: first_pipeline.end scheduled__2023-07-07T00:00:00+00:00 [queued]>
[2024-06-25T12:33:32.912+0000] {taskinstance.py:2306} INFO - Starting attempt 1 of 1
[2024-06-25T12:33:32.953+0000] {taskinstance.py:2330} INFO - Executing <Task(BashOperator): end> on 2023-07-07 00:00:00+00:00
[2024-06-25T12:33:32.973+0000] {logging_mixin.py:188} WARNING - /home/***/.local/lib/python3.12/site-packages/***/task/task_runner/standard_task_runner.py:61 DeprecationWarning: This process (pid=1954) is multi-threaded, use of fork() may lead to deadlocks in the child.
[2024-06-25T12:33:32.966+0000] {standard_task_runner.py:90} INFO - Running: ['***', 'tasks', 'run', 'first_pipeline', 'end', 'scheduled__2023-07-07T00:00:00+00:00', '--job-id', '566', '--raw', '--subdir', 'DAGS_FOLDER/first_pipeline.py', '--cfg-path', '/tmp/tmpi27xz_oi']
[2024-06-25T12:33:32.977+0000] {standard_task_runner.py:91} INFO - Job 566: Subtask end
[2024-06-25T12:33:32.976+0000] {standard_task_runner.py:63} INFO - Started process 1956 to run task
[2024-06-25T12:33:33.025+0000] {logging_mixin.py:188} WARNING - /home/***/.local/lib/python3.12/site-packages/***/settings.py:195 DeprecationWarning: The sql_alchemy_conn option in [core] has been moved to the sql_alchemy_conn option in [database] - the old setting has been used, but please update your config.
[2024-06-25T12:33:33.261+0000] {task_command.py:426} INFO - Running <TaskInstance: first_pipeline.end scheduled__2023-07-07T00:00:00+00:00 [running]> on host 9e56b32d651a
[2024-06-25T12:33:33.541+0000] {taskinstance.py:2648} INFO - Exporting env vars: AIRFLOW_CTX_DAG_OWNER='***' AIRFLOW_CTX_DAG_ID='first_pipeline' AIRFLOW_CTX_TASK_ID='end' AIRFLOW_CTX_EXECUTION_DATE='2023-07-07T00:00:00+00:00' AIRFLOW_CTX_TRY_NUMBER='1' AIRFLOW_CTX_DAG_RUN_ID='scheduled__2023-07-07T00:00:00+00:00'
[2024-06-25T12:33:33.549+0000] {taskinstance.py:430} INFO - ::endgroup::
[2024-06-25T12:33:33.551+0000] {subprocess.py:63} INFO - Tmp dir root location: /tmp
[2024-06-25T12:33:33.553+0000] {subprocess.py:75} INFO - Running command: ['/usr/bin/bash', '-c', 'echo "Pipeline finished."']
[2024-06-25T12:33:33.582+0000] {subprocess.py:86} INFO - Output:
[2024-06-25T12:33:33.585+0000] {subprocess.py:93} INFO - Pipeline finished.
[2024-06-25T12:33:33.587+0000] {subprocess.py:97} INFO - Command exited with return code 0
[2024-06-25T12:33:33.588+0000] {taskinstance.py:441} INFO - ::group::Post task execution logs
[2024-06-25T12:33:33.657+0000] {taskinstance.py:1206} INFO - Marking task as SUCCESS. dag_id=first_pipeline, task_id=end, run_id=scheduled__2023-07-07T00:00:00+00:00, execution_date=20230707T000000, start_date=20240625T123332, end_date=20240625T123333
[2024-06-25T12:33:33.743+0000] {local_task_job_runner.py:240} INFO - Task exited with return code 0
[2024-06-25T12:33:33.802+0000] {taskinstance.py:3503} INFO - 0 downstream tasks scheduled from follow-on schedule check
[2024-06-25T12:33:33.806+0000] {local_task_job_runner.py:222} INFO - ::endgroup::
