[2024-06-25T12:33:20.291+0000] {local_task_job_runner.py:120} INFO - ::group::Pre task execution logs
[2024-06-25T12:33:20.985+0000] {taskinstance.py:2076} INFO - Dependencies all met for dep_context=non-requeueable deps ti=<TaskInstance: first_pipeline.end scheduled__2023-06-27T00:00:00+00:00 [queued]>
[2024-06-25T12:33:21.175+0000] {taskinstance.py:2076} INFO - Dependencies all met for dep_context=requeueable deps ti=<TaskInstance: first_pipeline.end scheduled__2023-06-27T00:00:00+00:00 [queued]>
[2024-06-25T12:33:21.226+0000] {taskinstance.py:2306} INFO - Starting attempt 1 of 1
[2024-06-25T12:33:22.203+0000] {taskinstance.py:2330} INFO - Executing <Task(BashOperator): end> on 2023-06-27 00:00:00+00:00
[2024-06-25T12:33:22.309+0000] {standard_task_runner.py:90} INFO - Running: ['***', 'tasks', 'run', 'first_pipeline', 'end', 'scheduled__2023-06-27T00:00:00+00:00', '--job-id', '545', '--raw', '--subdir', 'DAGS_FOLDER/first_pipeline.py', '--cfg-path', '/tmp/tmpo7o8zulo']
[2024-06-25T12:33:22.324+0000] {standard_task_runner.py:91} INFO - Job 545: Subtask end
[2024-06-25T12:33:22.307+0000] {logging_mixin.py:188} WARNING - /home/***/.local/lib/python3.12/site-packages/***/task/task_runner/standard_task_runner.py:61 DeprecationWarning: This process (pid=1894) is multi-threaded, use of fork() may lead to deadlocks in the child.
[2024-06-25T12:33:22.338+0000] {standard_task_runner.py:63} INFO - Started process 1909 to run task
[2024-06-25T12:33:22.606+0000] {logging_mixin.py:188} WARNING - /home/***/.local/lib/python3.12/site-packages/***/settings.py:195 DeprecationWarning: The sql_alchemy_conn option in [core] has been moved to the sql_alchemy_conn option in [database] - the old setting has been used, but please update your config.
[2024-06-25T12:33:23.072+0000] {task_command.py:426} INFO - Running <TaskInstance: first_pipeline.end scheduled__2023-06-27T00:00:00+00:00 [running]> on host 9e56b32d651a
[2024-06-25T12:33:23.998+0000] {taskinstance.py:2648} INFO - Exporting env vars: AIRFLOW_CTX_DAG_OWNER='***' AIRFLOW_CTX_DAG_ID='first_pipeline' AIRFLOW_CTX_TASK_ID='end' AIRFLOW_CTX_EXECUTION_DATE='2023-06-27T00:00:00+00:00' AIRFLOW_CTX_TRY_NUMBER='1' AIRFLOW_CTX_DAG_RUN_ID='scheduled__2023-06-27T00:00:00+00:00'
[2024-06-25T12:33:24.019+0000] {taskinstance.py:430} INFO - ::endgroup::
[2024-06-25T12:33:24.034+0000] {subprocess.py:63} INFO - Tmp dir root location: /tmp
[2024-06-25T12:33:24.043+0000] {subprocess.py:75} INFO - Running command: ['/usr/bin/bash', '-c', 'echo "Pipeline finished."']
[2024-06-25T12:33:24.123+0000] {subprocess.py:86} INFO - Output:
[2024-06-25T12:33:24.155+0000] {subprocess.py:93} INFO - Pipeline finished.
[2024-06-25T12:33:24.175+0000] {subprocess.py:97} INFO - Command exited with return code 0
[2024-06-25T12:33:24.183+0000] {taskinstance.py:441} INFO - ::group::Post task execution logs
[2024-06-25T12:33:24.597+0000] {taskinstance.py:1206} INFO - Marking task as SUCCESS. dag_id=first_pipeline, task_id=end, run_id=scheduled__2023-06-27T00:00:00+00:00, execution_date=20230627T000000, start_date=20240625T123321, end_date=20240625T123324
[2024-06-25T12:33:25.111+0000] {local_task_job_runner.py:240} INFO - Task exited with return code 0
[2024-06-25T12:33:25.218+0000] {local_task_job_runner.py:222} INFO - ::endgroup::
