[2024-06-25T12:25:30.481+0000] {local_task_job_runner.py:120} INFO - ::group::Pre task execution logs
[2024-06-25T12:25:30.724+0000] {taskinstance.py:2076} INFO - Dependencies all met for dep_context=non-requeueable deps ti=<TaskInstance: first_pipeline.end scheduled__2023-01-11T00:00:00+00:00 [queued]>
[2024-06-25T12:25:30.794+0000] {taskinstance.py:2076} INFO - Dependencies all met for dep_context=requeueable deps ti=<TaskInstance: first_pipeline.end scheduled__2023-01-11T00:00:00+00:00 [queued]>
[2024-06-25T12:25:30.796+0000] {taskinstance.py:2306} INFO - Starting attempt 1 of 1
[2024-06-25T12:25:31.395+0000] {taskinstance.py:2330} INFO - Executing <Task(BashOperator): end> on 2023-01-11 00:00:00+00:00
[2024-06-25T12:25:31.472+0000] {logging_mixin.py:188} WARNING - /home/***/.local/lib/python3.12/site-packages/***/task/task_runner/standard_task_runner.py:61 DeprecationWarning: This process (pid=469) is multi-threaded, use of fork() may lead to deadlocks in the child.
[2024-06-25T12:25:31.475+0000] {standard_task_runner.py:63} INFO - Started process 487 to run task
[2024-06-25T12:25:31.451+0000] {standard_task_runner.py:90} INFO - Running: ['***', 'tasks', 'run', 'first_pipeline', 'end', 'scheduled__2023-01-11T00:00:00+00:00', '--job-id', '42', '--raw', '--subdir', 'DAGS_FOLDER/first_pipeline.py', '--cfg-path', '/tmp/tmp7ku5xd7k']
[2024-06-25T12:25:31.516+0000] {standard_task_runner.py:91} INFO - Job 42: Subtask end
[2024-06-25T12:25:31.671+0000] {logging_mixin.py:188} WARNING - /home/***/.local/lib/python3.12/site-packages/***/settings.py:195 DeprecationWarning: The sql_alchemy_conn option in [core] has been moved to the sql_alchemy_conn option in [database] - the old setting has been used, but please update your config.
[2024-06-25T12:25:31.990+0000] {task_command.py:426} INFO - Running <TaskInstance: first_pipeline.end scheduled__2023-01-11T00:00:00+00:00 [running]> on host 9e56b32d651a
[2024-06-25T12:25:32.727+0000] {taskinstance.py:2648} INFO - Exporting env vars: AIRFLOW_CTX_DAG_OWNER='***' AIRFLOW_CTX_DAG_ID='first_pipeline' AIRFLOW_CTX_TASK_ID='end' AIRFLOW_CTX_EXECUTION_DATE='2023-01-11T00:00:00+00:00' AIRFLOW_CTX_TRY_NUMBER='1' AIRFLOW_CTX_DAG_RUN_ID='scheduled__2023-01-11T00:00:00+00:00'
[2024-06-25T12:25:32.765+0000] {taskinstance.py:430} INFO - ::endgroup::
[2024-06-25T12:25:32.795+0000] {subprocess.py:63} INFO - Tmp dir root location: /tmp
[2024-06-25T12:25:32.802+0000] {subprocess.py:75} INFO - Running command: ['/usr/bin/bash', '-c', 'echo "Pipeline finished."']
[2024-06-25T12:25:32.897+0000] {subprocess.py:86} INFO - Output:
[2024-06-25T12:25:32.899+0000] {subprocess.py:93} INFO - Pipeline finished.
[2024-06-25T12:25:32.900+0000] {subprocess.py:97} INFO - Command exited with return code 0
[2024-06-25T12:25:32.902+0000] {taskinstance.py:441} INFO - ::group::Post task execution logs
[2024-06-25T12:25:33.052+0000] {taskinstance.py:1206} INFO - Marking task as SUCCESS. dag_id=first_pipeline, task_id=end, run_id=scheduled__2023-01-11T00:00:00+00:00, execution_date=20230111T000000, start_date=20240625T122530, end_date=20240625T122533
[2024-06-25T12:25:33.188+0000] {local_task_job_runner.py:240} INFO - Task exited with return code 0
[2024-06-25T12:25:33.305+0000] {local_task_job_runner.py:222} INFO - ::endgroup::
