[2024-06-25T12:31:44.336+0000] {local_task_job_runner.py:120} INFO - ::group::Pre task execution logs
[2024-06-25T12:31:44.911+0000] {taskinstance.py:2076} INFO - Dependencies all met for dep_context=non-requeueable deps ti=<TaskInstance: first_pipeline.process_data scheduled__2023-06-01T00:00:00+00:00 [queued]>
[2024-06-25T12:31:45.104+0000] {taskinstance.py:2076} INFO - Dependencies all met for dep_context=requeueable deps ti=<TaskInstance: first_pipeline.process_data scheduled__2023-06-01T00:00:00+00:00 [queued]>
[2024-06-25T12:31:45.137+0000] {taskinstance.py:2306} INFO - Starting attempt 1 of 1
[2024-06-25T12:31:45.611+0000] {taskinstance.py:2330} INFO - Executing <Task(_PythonDecoratedOperator): process_data> on 2023-06-01 00:00:00+00:00
[2024-06-25T12:31:45.758+0000] {logging_mixin.py:188} WARNING - /home/***/.local/lib/python3.12/site-packages/***/task/task_runner/standard_task_runner.py:61 DeprecationWarning: This process (pid=1626) is multi-threaded, use of fork() may lead to deadlocks in the child.
[2024-06-25T12:31:46.067+0000] {standard_task_runner.py:63} INFO - Started process 1643 to run task
[2024-06-25T12:31:45.906+0000] {standard_task_runner.py:90} INFO - Running: ['***', 'tasks', 'run', 'first_pipeline', 'process_data', 'scheduled__2023-06-01T00:00:00+00:00', '--job-id', '454', '--raw', '--subdir', 'DAGS_FOLDER/first_pipeline.py', '--cfg-path', '/tmp/tmpmbek5og7']
[2024-06-25T12:31:46.259+0000] {standard_task_runner.py:91} INFO - Job 454: Subtask process_data
[2024-06-25T12:31:46.710+0000] {logging_mixin.py:188} WARNING - /home/***/.local/lib/python3.12/site-packages/***/settings.py:195 DeprecationWarning: The sql_alchemy_conn option in [core] has been moved to the sql_alchemy_conn option in [database] - the old setting has been used, but please update your config.
[2024-06-25T12:31:47.467+0000] {task_command.py:426} INFO - Running <TaskInstance: first_pipeline.process_data scheduled__2023-06-01T00:00:00+00:00 [running]> on host 9e56b32d651a
[2024-06-25T12:31:49.109+0000] {taskinstance.py:2648} INFO - Exporting env vars: AIRFLOW_CTX_DAG_OWNER='***' AIRFLOW_CTX_DAG_ID='first_pipeline' AIRFLOW_CTX_TASK_ID='process_data' AIRFLOW_CTX_EXECUTION_DATE='2023-06-01T00:00:00+00:00' AIRFLOW_CTX_TRY_NUMBER='1' AIRFLOW_CTX_DAG_RUN_ID='scheduled__2023-06-01T00:00:00+00:00'
[2024-06-25T12:31:49.160+0000] {taskinstance.py:430} INFO - ::endgroup::
[2024-06-25T12:31:49.188+0000] {logging_mixin.py:188} INFO - Processing data...
[2024-06-25T12:31:49.192+0000] {python.py:237} INFO - Done. Returned value was: None
[2024-06-25T12:31:49.285+0000] {taskinstance.py:441} INFO - ::group::Post task execution logs
[2024-06-25T12:31:49.848+0000] {taskinstance.py:1206} INFO - Marking task as SUCCESS. dag_id=first_pipeline, task_id=process_data, run_id=scheduled__2023-06-01T00:00:00+00:00, execution_date=20230601T000000, start_date=20240625T123144, end_date=20240625T123149
[2024-06-25T12:31:50.153+0000] {local_task_job_runner.py:240} INFO - Task exited with return code 0
[2024-06-25T12:31:50.507+0000] {taskinstance.py:3503} INFO - 1 downstream tasks scheduled from follow-on schedule check
[2024-06-25T12:31:50.595+0000] {local_task_job_runner.py:222} INFO - ::endgroup::
