[2024-06-25T12:25:27.387+0000] {local_task_job_runner.py:120} INFO - ::group::Pre task execution logs
[2024-06-25T12:25:28.213+0000] {taskinstance.py:2076} INFO - Dependencies all met for dep_context=non-requeueable deps ti=<TaskInstance: first_pipeline.end scheduled__2023-01-03T00:00:00+00:00 [queued]>
[2024-06-25T12:25:28.411+0000] {taskinstance.py:2076} INFO - Dependencies all met for dep_context=requeueable deps ti=<TaskInstance: first_pipeline.end scheduled__2023-01-03T00:00:00+00:00 [queued]>
[2024-06-25T12:25:28.425+0000] {taskinstance.py:2306} INFO - Starting attempt 1 of 1
[2024-06-25T12:25:29.481+0000] {taskinstance.py:2330} INFO - Executing <Task(BashOperator): end> on 2023-01-03 00:00:00+00:00
[2024-06-25T12:25:29.571+0000] {standard_task_runner.py:90} INFO - Running: ['***', 'tasks', 'run', 'first_pipeline', 'end', 'scheduled__2023-01-03T00:00:00+00:00', '--job-id', '38', '--raw', '--subdir', 'DAGS_FOLDER/first_pipeline.py', '--cfg-path', '/tmp/tmpqlck7m88']
[2024-06-25T12:25:29.590+0000] {standard_task_runner.py:91} INFO - Job 38: Subtask end
[2024-06-25T12:25:29.604+0000] {logging_mixin.py:188} WARNING - /home/***/.local/lib/python3.12/site-packages/***/task/task_runner/standard_task_runner.py:61 DeprecationWarning: This process (pid=460) is multi-threaded, use of fork() may lead to deadlocks in the child.
[2024-06-25T12:25:29.700+0000] {standard_task_runner.py:63} INFO - Started process 476 to run task
[2024-06-25T12:25:29.965+0000] {logging_mixin.py:188} WARNING - /home/***/.local/lib/python3.12/site-packages/***/settings.py:195 DeprecationWarning: The sql_alchemy_conn option in [core] has been moved to the sql_alchemy_conn option in [database] - the old setting has been used, but please update your config.
[2024-06-25T12:25:30.101+0000] {task_command.py:426} INFO - Running <TaskInstance: first_pipeline.end scheduled__2023-01-03T00:00:00+00:00 [running]> on host 9e56b32d651a
[2024-06-25T12:25:30.964+0000] {taskinstance.py:2648} INFO - Exporting env vars: AIRFLOW_CTX_DAG_OWNER='***' AIRFLOW_CTX_DAG_ID='first_pipeline' AIRFLOW_CTX_TASK_ID='end' AIRFLOW_CTX_EXECUTION_DATE='2023-01-03T00:00:00+00:00' AIRFLOW_CTX_TRY_NUMBER='1' AIRFLOW_CTX_DAG_RUN_ID='scheduled__2023-01-03T00:00:00+00:00'
[2024-06-25T12:25:30.973+0000] {taskinstance.py:430} INFO - ::endgroup::
[2024-06-25T12:25:30.975+0000] {subprocess.py:63} INFO - Tmp dir root location: /tmp
[2024-06-25T12:25:30.986+0000] {subprocess.py:75} INFO - Running command: ['/usr/bin/bash', '-c', 'echo "Pipeline finished."']
[2024-06-25T12:25:31.050+0000] {subprocess.py:86} INFO - Output:
[2024-06-25T12:25:31.062+0000] {subprocess.py:93} INFO - Pipeline finished.
[2024-06-25T12:25:31.066+0000] {subprocess.py:97} INFO - Command exited with return code 0
[2024-06-25T12:25:31.074+0000] {taskinstance.py:441} INFO - ::group::Post task execution logs
[2024-06-25T12:25:31.241+0000] {taskinstance.py:1206} INFO - Marking task as SUCCESS. dag_id=first_pipeline, task_id=end, run_id=scheduled__2023-01-03T00:00:00+00:00, execution_date=20230103T000000, start_date=20240625T122528, end_date=20240625T122531
[2024-06-25T12:25:31.376+0000] {local_task_job_runner.py:240} INFO - Task exited with return code 0
[2024-06-25T12:25:31.472+0000] {taskinstance.py:3503} INFO - 0 downstream tasks scheduled from follow-on schedule check
[2024-06-25T12:25:31.500+0000] {local_task_job_runner.py:222} INFO - ::endgroup::
