[2024-06-25T12:36:29.627+0000] {local_task_job_runner.py:120} INFO - ::group::Pre task execution logs
[2024-06-25T12:36:30.199+0000] {taskinstance.py:2076} INFO - Dependencies all met for dep_context=non-requeueable deps ti=<TaskInstance: first_pipeline.end scheduled__2023-09-28T00:00:00+00:00 [queued]>
[2024-06-25T12:36:30.303+0000] {taskinstance.py:2076} INFO - Dependencies all met for dep_context=requeueable deps ti=<TaskInstance: first_pipeline.end scheduled__2023-09-28T00:00:00+00:00 [queued]>
[2024-06-25T12:36:30.314+0000] {taskinstance.py:2306} INFO - Starting attempt 1 of 1
[2024-06-25T12:36:30.709+0000] {taskinstance.py:2330} INFO - Executing <Task(BashOperator): end> on 2023-09-28 00:00:00+00:00
[2024-06-25T12:36:30.736+0000] {standard_task_runner.py:90} INFO - Running: ['***', 'tasks', 'run', 'first_pipeline', 'end', 'scheduled__2023-09-28T00:00:00+00:00', '--job-id', '834', '--raw', '--subdir', 'DAGS_FOLDER/first_pipeline.py', '--cfg-path', '/tmp/tmpwsgb2nob']
[2024-06-25T12:36:30.750+0000] {standard_task_runner.py:91} INFO - Job 834: Subtask end
[2024-06-25T12:36:30.816+0000] {logging_mixin.py:188} WARNING - /home/***/.local/lib/python3.12/site-packages/***/task/task_runner/standard_task_runner.py:61 DeprecationWarning: This process (pid=2684) is multi-threaded, use of fork() may lead to deadlocks in the child.
[2024-06-25T12:36:30.847+0000] {standard_task_runner.py:63} INFO - Started process 2700 to run task
[2024-06-25T12:36:30.947+0000] {logging_mixin.py:188} WARNING - /home/***/.local/lib/python3.12/site-packages/***/settings.py:195 DeprecationWarning: The sql_alchemy_conn option in [core] has been moved to the sql_alchemy_conn option in [database] - the old setting has been used, but please update your config.
[2024-06-25T12:36:31.795+0000] {task_command.py:426} INFO - Running <TaskInstance: first_pipeline.end scheduled__2023-09-28T00:00:00+00:00 [running]> on host 9e56b32d651a
[2024-06-25T12:36:34.664+0000] {taskinstance.py:2648} INFO - Exporting env vars: AIRFLOW_CTX_DAG_OWNER='***' AIRFLOW_CTX_DAG_ID='first_pipeline' AIRFLOW_CTX_TASK_ID='end' AIRFLOW_CTX_EXECUTION_DATE='2023-09-28T00:00:00+00:00' AIRFLOW_CTX_TRY_NUMBER='1' AIRFLOW_CTX_DAG_RUN_ID='scheduled__2023-09-28T00:00:00+00:00'
[2024-06-25T12:36:34.799+0000] {taskinstance.py:430} INFO - ::endgroup::
[2024-06-25T12:36:34.902+0000] {subprocess.py:63} INFO - Tmp dir root location: /tmp
[2024-06-25T12:36:34.994+0000] {subprocess.py:75} INFO - Running command: ['/usr/bin/bash', '-c', 'echo "Pipeline finished."']
[2024-06-25T12:36:35.206+0000] {subprocess.py:86} INFO - Output:
[2024-06-25T12:36:35.293+0000] {subprocess.py:93} INFO - Pipeline finished.
[2024-06-25T12:36:35.334+0000] {subprocess.py:97} INFO - Command exited with return code 0
[2024-06-25T12:36:35.347+0000] {taskinstance.py:441} INFO - ::group::Post task execution logs
[2024-06-25T12:36:36.197+0000] {taskinstance.py:1206} INFO - Marking task as SUCCESS. dag_id=first_pipeline, task_id=end, run_id=scheduled__2023-09-28T00:00:00+00:00, execution_date=20230928T000000, start_date=20240625T123630, end_date=20240625T123636
[2024-06-25T12:36:37.083+0000] {local_task_job_runner.py:240} INFO - Task exited with return code 0
[2024-06-25T12:36:37.521+0000] {taskinstance.py:3503} INFO - 0 downstream tasks scheduled from follow-on schedule check
[2024-06-25T12:36:37.597+0000] {local_task_job_runner.py:222} INFO - ::endgroup::
