[2024-06-25T12:30:25.091+0000] {local_task_job_runner.py:120} INFO - ::group::Pre task execution logs
[2024-06-25T12:30:25.274+0000] {taskinstance.py:2076} INFO - Dependencies all met for dep_context=non-requeueable deps ti=<TaskInstance: first_pipeline.end scheduled__2023-05-07T00:00:00+00:00 [queued]>
[2024-06-25T12:30:25.320+0000] {taskinstance.py:2076} INFO - Dependencies all met for dep_context=requeueable deps ti=<TaskInstance: first_pipeline.end scheduled__2023-05-07T00:00:00+00:00 [queued]>
[2024-06-25T12:30:25.323+0000] {taskinstance.py:2306} INFO - Starting attempt 1 of 1
[2024-06-25T12:30:25.390+0000] {taskinstance.py:2330} INFO - Executing <Task(BashOperator): end> on 2023-05-07 00:00:00+00:00
[2024-06-25T12:30:25.413+0000] {logging_mixin.py:188} WARNING - /home/***/.local/lib/python3.12/site-packages/***/task/task_runner/standard_task_runner.py:61 DeprecationWarning: This process (pid=1430) is multi-threaded, use of fork() may lead to deadlocks in the child.
[2024-06-25T12:30:25.417+0000] {standard_task_runner.py:63} INFO - Started process 1435 to run task
[2024-06-25T12:30:25.411+0000] {standard_task_runner.py:90} INFO - Running: ['***', 'tasks', 'run', 'first_pipeline', 'end', 'scheduled__2023-05-07T00:00:00+00:00', '--job-id', '382', '--raw', '--subdir', 'DAGS_FOLDER/first_pipeline.py', '--cfg-path', '/tmp/tmpf72juum7']
[2024-06-25T12:30:25.428+0000] {standard_task_runner.py:91} INFO - Job 382: Subtask end
[2024-06-25T12:30:25.493+0000] {logging_mixin.py:188} WARNING - /home/***/.local/lib/python3.12/site-packages/***/settings.py:195 DeprecationWarning: The sql_alchemy_conn option in [core] has been moved to the sql_alchemy_conn option in [database] - the old setting has been used, but please update your config.
[2024-06-25T12:30:25.644+0000] {task_command.py:426} INFO - Running <TaskInstance: first_pipeline.end scheduled__2023-05-07T00:00:00+00:00 [running]> on host 9e56b32d651a
[2024-06-25T12:30:25.899+0000] {taskinstance.py:2648} INFO - Exporting env vars: AIRFLOW_CTX_DAG_OWNER='***' AIRFLOW_CTX_DAG_ID='first_pipeline' AIRFLOW_CTX_TASK_ID='end' AIRFLOW_CTX_EXECUTION_DATE='2023-05-07T00:00:00+00:00' AIRFLOW_CTX_TRY_NUMBER='1' AIRFLOW_CTX_DAG_RUN_ID='scheduled__2023-05-07T00:00:00+00:00'
[2024-06-25T12:30:25.901+0000] {taskinstance.py:430} INFO - ::endgroup::
[2024-06-25T12:30:25.903+0000] {subprocess.py:63} INFO - Tmp dir root location: /tmp
[2024-06-25T12:30:25.904+0000] {subprocess.py:75} INFO - Running command: ['/usr/bin/bash', '-c', 'echo "Pipeline finished."']
[2024-06-25T12:30:25.919+0000] {subprocess.py:86} INFO - Output:
[2024-06-25T12:30:25.921+0000] {subprocess.py:93} INFO - Pipeline finished.
[2024-06-25T12:30:25.922+0000] {subprocess.py:97} INFO - Command exited with return code 0
[2024-06-25T12:30:25.923+0000] {taskinstance.py:441} INFO - ::group::Post task execution logs
[2024-06-25T12:30:25.971+0000] {taskinstance.py:1206} INFO - Marking task as SUCCESS. dag_id=first_pipeline, task_id=end, run_id=scheduled__2023-05-07T00:00:00+00:00, execution_date=20230507T000000, start_date=20240625T123025, end_date=20240625T123025
[2024-06-25T12:30:26.051+0000] {local_task_job_runner.py:240} INFO - Task exited with return code 0
[2024-06-25T12:30:26.107+0000] {taskinstance.py:3503} INFO - 0 downstream tasks scheduled from follow-on schedule check
[2024-06-25T12:30:26.117+0000] {local_task_job_runner.py:222} INFO - ::endgroup::
