[2024-06-25T12:32:56.721+0000] {local_task_job_runner.py:120} INFO - ::group::Pre task execution logs
[2024-06-25T12:32:57.320+0000] {taskinstance.py:2076} INFO - Dependencies all met for dep_context=non-requeueable deps ti=<TaskInstance: first_pipeline.end scheduled__2023-06-17T00:00:00+00:00 [queued]>
[2024-06-25T12:32:57.545+0000] {taskinstance.py:2076} INFO - Dependencies all met for dep_context=requeueable deps ti=<TaskInstance: first_pipeline.end scheduled__2023-06-17T00:00:00+00:00 [queued]>
[2024-06-25T12:32:57.576+0000] {taskinstance.py:2306} INFO - Starting attempt 1 of 1
[2024-06-25T12:32:57.953+0000] {taskinstance.py:2330} INFO - Executing <Task(BashOperator): end> on 2023-06-17 00:00:00+00:00
[2024-06-25T12:32:58.018+0000] {logging_mixin.py:188} WARNING - /home/***/.local/lib/python3.12/site-packages/***/task/task_runner/standard_task_runner.py:61 DeprecationWarning: This process (pid=1804) is multi-threaded, use of fork() may lead to deadlocks in the child.
[2024-06-25T12:32:58.024+0000] {standard_task_runner.py:63} INFO - Started process 1814 to run task
[2024-06-25T12:32:58.001+0000] {standard_task_runner.py:90} INFO - Running: ['***', 'tasks', 'run', 'first_pipeline', 'end', 'scheduled__2023-06-17T00:00:00+00:00', '--job-id', '515', '--raw', '--subdir', 'DAGS_FOLDER/first_pipeline.py', '--cfg-path', '/tmp/tmpmh2m7d2y']
[2024-06-25T12:32:58.064+0000] {standard_task_runner.py:91} INFO - Job 515: Subtask end
[2024-06-25T12:32:58.219+0000] {logging_mixin.py:188} WARNING - /home/***/.local/lib/python3.12/site-packages/***/settings.py:195 DeprecationWarning: The sql_alchemy_conn option in [core] has been moved to the sql_alchemy_conn option in [database] - the old setting has been used, but please update your config.
[2024-06-25T12:32:58.588+0000] {task_command.py:426} INFO - Running <TaskInstance: first_pipeline.end scheduled__2023-06-17T00:00:00+00:00 [running]> on host 9e56b32d651a
[2024-06-25T12:32:59.634+0000] {taskinstance.py:2648} INFO - Exporting env vars: AIRFLOW_CTX_DAG_OWNER='***' AIRFLOW_CTX_DAG_ID='first_pipeline' AIRFLOW_CTX_TASK_ID='end' AIRFLOW_CTX_EXECUTION_DATE='2023-06-17T00:00:00+00:00' AIRFLOW_CTX_TRY_NUMBER='1' AIRFLOW_CTX_DAG_RUN_ID='scheduled__2023-06-17T00:00:00+00:00'
[2024-06-25T12:32:59.651+0000] {taskinstance.py:430} INFO - ::endgroup::
[2024-06-25T12:32:59.672+0000] {subprocess.py:63} INFO - Tmp dir root location: /tmp
[2024-06-25T12:32:59.687+0000] {subprocess.py:75} INFO - Running command: ['/usr/bin/bash', '-c', 'echo "Pipeline finished."']
[2024-06-25T12:32:59.745+0000] {subprocess.py:86} INFO - Output:
[2024-06-25T12:32:59.754+0000] {subprocess.py:93} INFO - Pipeline finished.
[2024-06-25T12:32:59.757+0000] {subprocess.py:97} INFO - Command exited with return code 0
[2024-06-25T12:32:59.759+0000] {taskinstance.py:441} INFO - ::group::Post task execution logs
[2024-06-25T12:32:59.898+0000] {taskinstance.py:1206} INFO - Marking task as SUCCESS. dag_id=first_pipeline, task_id=end, run_id=scheduled__2023-06-17T00:00:00+00:00, execution_date=20230617T000000, start_date=20240625T123257, end_date=20240625T123259
[2024-06-25T12:33:00.142+0000] {local_task_job_runner.py:240} INFO - Task exited with return code 0
[2024-06-25T12:33:00.309+0000] {taskinstance.py:3503} INFO - 0 downstream tasks scheduled from follow-on schedule check
[2024-06-25T12:33:00.343+0000] {local_task_job_runner.py:222} INFO - ::endgroup::
