[2024-06-25T12:28:45.540+0000] {local_task_job_runner.py:120} INFO - ::group::Pre task execution logs
[2024-06-25T12:28:46.071+0000] {taskinstance.py:2076} INFO - Dependencies all met for dep_context=non-requeueable deps ti=<TaskInstance: first_pipeline.end scheduled__2023-04-04T00:00:00+00:00 [queued]>
[2024-06-25T12:28:46.207+0000] {taskinstance.py:2076} INFO - Dependencies all met for dep_context=requeueable deps ti=<TaskInstance: first_pipeline.end scheduled__2023-04-04T00:00:00+00:00 [queued]>
[2024-06-25T12:28:46.216+0000] {taskinstance.py:2306} INFO - Starting attempt 1 of 1
[2024-06-25T12:28:46.688+0000] {taskinstance.py:2330} INFO - Executing <Task(BashOperator): end> on 2023-04-04 00:00:00+00:00
[2024-06-25T12:28:46.739+0000] {logging_mixin.py:188} WARNING - /home/***/.local/lib/python3.12/site-packages/***/task/task_runner/standard_task_runner.py:61 DeprecationWarning: This process (pid=1178) is multi-threaded, use of fork() may lead to deadlocks in the child.
[2024-06-25T12:28:46.757+0000] {standard_task_runner.py:63} INFO - Started process 1193 to run task
[2024-06-25T12:28:46.756+0000] {standard_task_runner.py:90} INFO - Running: ['***', 'tasks', 'run', 'first_pipeline', 'end', 'scheduled__2023-04-04T00:00:00+00:00', '--job-id', '294', '--raw', '--subdir', 'DAGS_FOLDER/first_pipeline.py', '--cfg-path', '/tmp/tmpc4xk08e0']
[2024-06-25T12:28:46.776+0000] {standard_task_runner.py:91} INFO - Job 294: Subtask end
[2024-06-25T12:28:46.850+0000] {logging_mixin.py:188} WARNING - /home/***/.local/lib/python3.12/site-packages/***/settings.py:195 DeprecationWarning: The sql_alchemy_conn option in [core] has been moved to the sql_alchemy_conn option in [database] - the old setting has been used, but please update your config.
[2024-06-25T12:28:47.087+0000] {task_command.py:426} INFO - Running <TaskInstance: first_pipeline.end scheduled__2023-04-04T00:00:00+00:00 [running]> on host 9e56b32d651a
[2024-06-25T12:28:47.561+0000] {taskinstance.py:2648} INFO - Exporting env vars: AIRFLOW_CTX_DAG_OWNER='***' AIRFLOW_CTX_DAG_ID='first_pipeline' AIRFLOW_CTX_TASK_ID='end' AIRFLOW_CTX_EXECUTION_DATE='2023-04-04T00:00:00+00:00' AIRFLOW_CTX_TRY_NUMBER='1' AIRFLOW_CTX_DAG_RUN_ID='scheduled__2023-04-04T00:00:00+00:00'
[2024-06-25T12:28:47.563+0000] {taskinstance.py:430} INFO - ::endgroup::
[2024-06-25T12:28:47.565+0000] {subprocess.py:63} INFO - Tmp dir root location: /tmp
[2024-06-25T12:28:47.567+0000] {subprocess.py:75} INFO - Running command: ['/usr/bin/bash', '-c', 'echo "Pipeline finished."']
[2024-06-25T12:28:47.589+0000] {subprocess.py:86} INFO - Output:
[2024-06-25T12:28:47.594+0000] {subprocess.py:93} INFO - Pipeline finished.
[2024-06-25T12:28:47.595+0000] {subprocess.py:97} INFO - Command exited with return code 0
[2024-06-25T12:28:47.597+0000] {taskinstance.py:441} INFO - ::group::Post task execution logs
[2024-06-25T12:28:47.701+0000] {taskinstance.py:1206} INFO - Marking task as SUCCESS. dag_id=first_pipeline, task_id=end, run_id=scheduled__2023-04-04T00:00:00+00:00, execution_date=20230404T000000, start_date=20240625T122846, end_date=20240625T122847
[2024-06-25T12:28:47.891+0000] {local_task_job_runner.py:240} INFO - Task exited with return code 0
[2024-06-25T12:28:48.009+0000] {taskinstance.py:3503} INFO - 0 downstream tasks scheduled from follow-on schedule check
[2024-06-25T12:28:48.021+0000] {local_task_job_runner.py:222} INFO - ::endgroup::
