[2024-06-25T12:30:47.446+0000] {local_task_job_runner.py:120} INFO - ::group::Pre task execution logs
[2024-06-25T12:30:48.153+0000] {taskinstance.py:2076} INFO - Dependencies all met for dep_context=non-requeueable deps ti=<TaskInstance: first_pipeline.end scheduled__2023-05-08T00:00:00+00:00 [queued]>
[2024-06-25T12:30:48.246+0000] {taskinstance.py:2076} INFO - Dependencies all met for dep_context=requeueable deps ti=<TaskInstance: first_pipeline.end scheduled__2023-05-08T00:00:00+00:00 [queued]>
[2024-06-25T12:30:48.255+0000] {taskinstance.py:2306} INFO - Starting attempt 1 of 1
[2024-06-25T12:30:48.881+0000] {taskinstance.py:2330} INFO - Executing <Task(BashOperator): end> on 2023-05-08 00:00:00+00:00
[2024-06-25T12:30:49.032+0000] {standard_task_runner.py:90} INFO - Running: ['***', 'tasks', 'run', 'first_pipeline', 'end', 'scheduled__2023-05-08T00:00:00+00:00', '--job-id', '399', '--raw', '--subdir', 'DAGS_FOLDER/first_pipeline.py', '--cfg-path', '/tmp/tmpkpezj445']
[2024-06-25T12:30:49.087+0000] {standard_task_runner.py:91} INFO - Job 399: Subtask end
[2024-06-25T12:30:48.996+0000] {logging_mixin.py:188} WARNING - /home/***/.local/lib/python3.12/site-packages/***/task/task_runner/standard_task_runner.py:61 DeprecationWarning: This process (pid=1480) is multi-threaded, use of fork() may lead to deadlocks in the child.
[2024-06-25T12:30:49.115+0000] {standard_task_runner.py:63} INFO - Started process 1493 to run task
[2024-06-25T12:30:49.772+0000] {logging_mixin.py:188} WARNING - /home/***/.local/lib/python3.12/site-packages/***/settings.py:195 DeprecationWarning: The sql_alchemy_conn option in [core] has been moved to the sql_alchemy_conn option in [database] - the old setting has been used, but please update your config.
[2024-06-25T12:30:50.524+0000] {task_command.py:426} INFO - Running <TaskInstance: first_pipeline.end scheduled__2023-05-08T00:00:00+00:00 [running]> on host 9e56b32d651a
[2024-06-25T12:30:52.849+0000] {taskinstance.py:2648} INFO - Exporting env vars: AIRFLOW_CTX_DAG_OWNER='***' AIRFLOW_CTX_DAG_ID='first_pipeline' AIRFLOW_CTX_TASK_ID='end' AIRFLOW_CTX_EXECUTION_DATE='2023-05-08T00:00:00+00:00' AIRFLOW_CTX_TRY_NUMBER='1' AIRFLOW_CTX_DAG_RUN_ID='scheduled__2023-05-08T00:00:00+00:00'
[2024-06-25T12:30:52.865+0000] {taskinstance.py:430} INFO - ::endgroup::
[2024-06-25T12:30:52.872+0000] {subprocess.py:63} INFO - Tmp dir root location: /tmp
[2024-06-25T12:30:52.881+0000] {subprocess.py:75} INFO - Running command: ['/usr/bin/bash', '-c', 'echo "Pipeline finished."']
[2024-06-25T12:30:53.080+0000] {subprocess.py:86} INFO - Output:
[2024-06-25T12:30:53.130+0000] {subprocess.py:93} INFO - Pipeline finished.
[2024-06-25T12:30:53.147+0000] {subprocess.py:97} INFO - Command exited with return code 0
[2024-06-25T12:30:53.174+0000] {taskinstance.py:441} INFO - ::group::Post task execution logs
[2024-06-25T12:30:53.833+0000] {taskinstance.py:1206} INFO - Marking task as SUCCESS. dag_id=first_pipeline, task_id=end, run_id=scheduled__2023-05-08T00:00:00+00:00, execution_date=20230508T000000, start_date=20240625T123048, end_date=20240625T123053
[2024-06-25T12:30:54.122+0000] {local_task_job_runner.py:240} INFO - Task exited with return code 0
[2024-06-25T12:30:54.259+0000] {local_task_job_runner.py:222} INFO - ::endgroup::
