[2024-06-25T12:03:25.340+0000] {manager.py:470} INFO - Processing files using up to 2 processes at a time 
[2024-06-25T12:03:25.385+0000] {manager.py:471} INFO - Process each file at most once every 30 seconds
[2024-06-25T12:03:25.400+0000] {manager.py:472} INFO - Checking for new files in /opt/airflow/dags every 300 seconds
[2024-06-25T12:03:25.406+0000] {manager.py:737} INFO - Searching for files in /opt/airflow/dags
[2024-06-25T12:03:25.476+0000] {manager.py:740} INFO - There are 1 files in /opt/airflow/dags
[2024-06-25T12:03:27.061+0000] {manager.py:878} INFO - 
================================================================================
DAG File Processing Stats

File Path                              PID  Runtime      # DAGs    # Errors  Last Runtime    Last Run
-----------------------------------  -----  ---------  --------  ----------  --------------  ----------
/opt/airflow/dags/first_pipeline.py    161  0.15s             0           0
================================================================================
[2024-06-25T12:03:57.315+0000] {manager.py:878} INFO - 
================================================================================
DAG File Processing Stats

File Path                            PID    Runtime      # DAGs    # Errors  Last Runtime    Last Run
-----------------------------------  -----  ---------  --------  ----------  --------------  -------------------
/opt/airflow/dags/first_pipeline.py                           1           0  1.79s           2024-06-25T12:03:28
================================================================================
[2024-06-25T12:04:28.128+0000] {manager.py:878} INFO - 
================================================================================
DAG File Processing Stats

File Path                            PID    Runtime      # DAGs    # Errors  Last Runtime    Last Run
-----------------------------------  -----  ---------  --------  ----------  --------------  -------------------
/opt/airflow/dags/first_pipeline.py                           1           0  1.86s           2024-06-25T12:04:00
================================================================================
[2024-06-25T12:04:58.525+0000] {manager.py:878} INFO - 
================================================================================
DAG File Processing Stats

File Path                            PID    Runtime      # DAGs    # Errors  Last Runtime    Last Run
-----------------------------------  -----  ---------  --------  ----------  --------------  -------------------
/opt/airflow/dags/first_pipeline.py                           1           0  0.38s           2024-06-25T12:04:31
================================================================================
[2024-06-25T12:05:28.682+0000] {manager.py:878} INFO - 
================================================================================
DAG File Processing Stats

File Path                            PID    Runtime      # DAGs    # Errors  Last Runtime    Last Run
-----------------------------------  -----  ---------  --------  ----------  --------------  -------------------
/opt/airflow/dags/first_pipeline.py                           1           0  0.60s           2024-06-25T12:05:02
================================================================================
[2024-06-25T12:05:58.866+0000] {manager.py:878} INFO - 
================================================================================
DAG File Processing Stats

File Path                            PID    Runtime      # DAGs    # Errors  Last Runtime    Last Run
-----------------------------------  -----  ---------  --------  ----------  --------------  -------------------
/opt/airflow/dags/first_pipeline.py                           1           0  0.25s           2024-06-25T12:05:32
================================================================================
[2024-06-25T12:06:29.149+0000] {manager.py:878} INFO - 
================================================================================
DAG File Processing Stats

File Path                            PID    Runtime      # DAGs    # Errors  Last Runtime    Last Run
-----------------------------------  -----  ---------  --------  ----------  --------------  -------------------
/opt/airflow/dags/first_pipeline.py                           1           0  0.57s           2024-06-25T12:06:03
================================================================================
[2024-06-25T12:06:59.656+0000] {manager.py:878} INFO - 
================================================================================
DAG File Processing Stats

File Path                            PID    Runtime      # DAGs    # Errors  Last Runtime    Last Run
-----------------------------------  -----  ---------  --------  ----------  --------------  -------------------
/opt/airflow/dags/first_pipeline.py                           1           0  0.22s           2024-06-25T12:06:33
================================================================================
[2024-06-25T12:07:30.361+0000] {manager.py:878} INFO - 
================================================================================
DAG File Processing Stats

File Path                            PID    Runtime      # DAGs    # Errors  Last Runtime    Last Run
-----------------------------------  -----  ---------  --------  ----------  --------------  -------------------
/opt/airflow/dags/first_pipeline.py                           1           0  0.21s           2024-06-25T12:07:04
================================================================================
[2024-06-25T12:08:00.697+0000] {manager.py:878} INFO - 
================================================================================
DAG File Processing Stats

File Path                            PID    Runtime      # DAGs    # Errors  Last Runtime    Last Run
-----------------------------------  -----  ---------  --------  ----------  --------------  -------------------
/opt/airflow/dags/first_pipeline.py                           1           0  0.30s           2024-06-25T12:07:34
================================================================================
[2024-06-25T12:08:25.419+0000] {manager.py:737} INFO - Searching for files in /opt/airflow/dags
[2024-06-25T12:08:25.454+0000] {manager.py:740} INFO - There are 1 files in /opt/airflow/dags
[2024-06-25T12:08:31.159+0000] {manager.py:878} INFO - 
================================================================================
DAG File Processing Stats

File Path                            PID    Runtime      # DAGs    # Errors  Last Runtime    Last Run
-----------------------------------  -----  ---------  --------  ----------  --------------  -------------------
/opt/airflow/dags/first_pipeline.py                           1           0  0.31s           2024-06-25T12:08:05
================================================================================
[2024-06-25T12:09:01.790+0000] {manager.py:878} INFO - 
================================================================================
DAG File Processing Stats

File Path                            PID    Runtime      # DAGs    # Errors  Last Runtime    Last Run
-----------------------------------  -----  ---------  --------  ----------  --------------  -------------------
/opt/airflow/dags/first_pipeline.py                           1           0  0.27s           2024-06-25T12:08:35
================================================================================
[2024-06-25T12:09:32.260+0000] {manager.py:878} INFO - 
================================================================================
DAG File Processing Stats

File Path                            PID    Runtime      # DAGs    # Errors  Last Runtime    Last Run
-----------------------------------  -----  ---------  --------  ----------  --------------  -------------------
/opt/airflow/dags/first_pipeline.py                           1           0  0.31s           2024-06-25T12:09:06
================================================================================
[2024-06-25T12:10:02.851+0000] {manager.py:878} INFO - 
================================================================================
DAG File Processing Stats

File Path                            PID    Runtime      # DAGs    # Errors  Last Runtime    Last Run
-----------------------------------  -----  ---------  --------  ----------  --------------  -------------------
/opt/airflow/dags/first_pipeline.py                           1           0  0.31s           2024-06-25T12:09:36
================================================================================
[2024-06-25T12:10:33.372+0000] {manager.py:878} INFO - 
================================================================================
DAG File Processing Stats

File Path                            PID    Runtime      # DAGs    # Errors  Last Runtime    Last Run
-----------------------------------  -----  ---------  --------  ----------  --------------  -------------------
/opt/airflow/dags/first_pipeline.py                           1           0  0.33s           2024-06-25T12:10:07
================================================================================
[2024-06-25T12:11:03.942+0000] {manager.py:878} INFO - 
================================================================================
DAG File Processing Stats

File Path                            PID    Runtime      # DAGs    # Errors  Last Runtime    Last Run
-----------------------------------  -----  ---------  --------  ----------  --------------  -------------------
/opt/airflow/dags/first_pipeline.py                           1           0  0.28s           2024-06-25T12:10:38
================================================================================
[2024-06-25T12:11:34.416+0000] {manager.py:878} INFO - 
================================================================================
DAG File Processing Stats

File Path                            PID    Runtime      # DAGs    # Errors  Last Runtime    Last Run
-----------------------------------  -----  ---------  --------  ----------  --------------  -------------------
/opt/airflow/dags/first_pipeline.py                           1           0  0.20s           2024-06-25T12:11:08
================================================================================
[2024-06-25T12:12:04.799+0000] {manager.py:878} INFO - 
================================================================================
DAG File Processing Stats

File Path                            PID    Runtime      # DAGs    # Errors  Last Runtime    Last Run
-----------------------------------  -----  ---------  --------  ----------  --------------  -------------------
/opt/airflow/dags/first_pipeline.py                           1           0  0.20s           2024-06-25T12:11:38
================================================================================
[2024-06-25T12:12:35.050+0000] {manager.py:878} INFO - 
================================================================================
DAG File Processing Stats

File Path                            PID    Runtime      # DAGs    # Errors  Last Runtime    Last Run
-----------------------------------  -----  ---------  --------  ----------  --------------  -------------------
/opt/airflow/dags/first_pipeline.py                           1           0  0.21s           2024-06-25T12:12:09
================================================================================
[2024-06-25T12:13:05.420+0000] {manager.py:878} INFO - 
================================================================================
DAG File Processing Stats

File Path                            PID    Runtime      # DAGs    # Errors  Last Runtime    Last Run
-----------------------------------  -----  ---------  --------  ----------  --------------  -------------------
/opt/airflow/dags/first_pipeline.py                           1           0  0.33s           2024-06-25T12:12:39
================================================================================
[2024-06-25T12:13:25.729+0000] {manager.py:737} INFO - Searching for files in /opt/airflow/dags
[2024-06-25T12:13:25.765+0000] {manager.py:740} INFO - There are 1 files in /opt/airflow/dags
[2024-06-25T12:13:35.990+0000] {manager.py:878} INFO - 
================================================================================
DAG File Processing Stats

File Path                            PID    Runtime      # DAGs    # Errors  Last Runtime    Last Run
-----------------------------------  -----  ---------  --------  ----------  --------------  -------------------
/opt/airflow/dags/first_pipeline.py                           1           0  0.30s           2024-06-25T12:13:09
================================================================================
[2024-06-25T12:14:06.223+0000] {manager.py:878} INFO - 
================================================================================
DAG File Processing Stats

File Path                            PID    Runtime      # DAGs    # Errors  Last Runtime    Last Run
-----------------------------------  -----  ---------  --------  ----------  --------------  -------------------
/opt/airflow/dags/first_pipeline.py                           1           0  0.20s           2024-06-25T12:13:40
================================================================================
[2024-06-25T12:14:36.244+0000] {manager.py:878} INFO - 
================================================================================
DAG File Processing Stats

File Path                            PID    Runtime      # DAGs    # Errors  Last Runtime    Last Run
-----------------------------------  -----  ---------  --------  ----------  --------------  -------------------
/opt/airflow/dags/first_pipeline.py                           1           0  1.53s           2024-06-25T12:14:12
================================================================================
[2024-06-25T12:15:06.247+0000] {manager.py:878} INFO - 
================================================================================
DAG File Processing Stats

File Path                            PID    Runtime      # DAGs    # Errors  Last Runtime    Last Run
-----------------------------------  -----  ---------  --------  ----------  --------------  -------------------
/opt/airflow/dags/first_pipeline.py                           1           0  0.54s           2024-06-25T12:14:43
================================================================================
[2024-06-25T12:15:36.637+0000] {manager.py:878} INFO - 
================================================================================
DAG File Processing Stats

File Path                            PID    Runtime      # DAGs    # Errors  Last Runtime    Last Run
-----------------------------------  -----  ---------  --------  ----------  --------------  -------------------
/opt/airflow/dags/first_pipeline.py                           1           0  0.31s           2024-06-25T12:15:13
================================================================================
[2024-06-25T12:16:07.200+0000] {manager.py:878} INFO - 
================================================================================
DAG File Processing Stats

File Path                            PID    Runtime      # DAGs    # Errors  Last Runtime    Last Run
-----------------------------------  -----  ---------  --------  ----------  --------------  -------------------
/opt/airflow/dags/first_pipeline.py                           1           0  0.22s           2024-06-25T12:15:44
================================================================================
[2024-06-25T12:16:37.606+0000] {manager.py:878} INFO - 
================================================================================
DAG File Processing Stats

File Path                            PID    Runtime      # DAGs    # Errors  Last Runtime    Last Run
-----------------------------------  -----  ---------  --------  ----------  --------------  -------------------
/opt/airflow/dags/first_pipeline.py                           1           0  0.21s           2024-06-25T12:16:14
================================================================================
[2024-06-25T12:17:08.033+0000] {manager.py:878} INFO - 
================================================================================
DAG File Processing Stats

File Path                            PID    Runtime      # DAGs    # Errors  Last Runtime    Last Run
-----------------------------------  -----  ---------  --------  ----------  --------------  -------------------
/opt/airflow/dags/first_pipeline.py                           1           0  0.21s           2024-06-25T12:16:45
================================================================================
[2024-06-25T12:17:38.494+0000] {manager.py:878} INFO - 
================================================================================
DAG File Processing Stats

File Path                            PID    Runtime      # DAGs    # Errors  Last Runtime    Last Run
-----------------------------------  -----  ---------  --------  ----------  --------------  -------------------
/opt/airflow/dags/first_pipeline.py                           1           0  0.22s           2024-06-25T12:17:15
================================================================================
[2024-06-25T12:18:09.162+0000] {manager.py:878} INFO - 
================================================================================
DAG File Processing Stats

File Path                            PID    Runtime      # DAGs    # Errors  Last Runtime    Last Run
-----------------------------------  -----  ---------  --------  ----------  --------------  -------------------
/opt/airflow/dags/first_pipeline.py                           1           0  0.27s           2024-06-25T12:17:45
================================================================================
[2024-06-25T12:18:26.420+0000] {manager.py:737} INFO - Searching for files in /opt/airflow/dags
[2024-06-25T12:18:26.457+0000] {manager.py:740} INFO - There are 1 files in /opt/airflow/dags
[2024-06-25T12:18:39.582+0000] {manager.py:878} INFO - 
================================================================================
DAG File Processing Stats

File Path                            PID    Runtime      # DAGs    # Errors  Last Runtime    Last Run
-----------------------------------  -----  ---------  --------  ----------  --------------  -------------------
/opt/airflow/dags/first_pipeline.py                           1           0  0.23s           2024-06-25T12:18:16
================================================================================
[2024-06-25T12:19:09.921+0000] {manager.py:878} INFO - 
================================================================================
DAG File Processing Stats

File Path                            PID    Runtime      # DAGs    # Errors  Last Runtime    Last Run
-----------------------------------  -----  ---------  --------  ----------  --------------  -------------------
/opt/airflow/dags/first_pipeline.py                           1           0  0.29s           2024-06-25T12:18:46
================================================================================
[2024-06-25T12:19:40.427+0000] {manager.py:878} INFO - 
================================================================================
DAG File Processing Stats

File Path                            PID    Runtime      # DAGs    # Errors  Last Runtime    Last Run
-----------------------------------  -----  ---------  --------  ----------  --------------  -------------------
/opt/airflow/dags/first_pipeline.py                           1           0  0.33s           2024-06-25T12:19:17
================================================================================
[2024-06-25T12:20:10.486+0000] {manager.py:878} INFO - 
================================================================================
DAG File Processing Stats

File Path                            PID    Runtime      # DAGs    # Errors  Last Runtime    Last Run
-----------------------------------  -----  ---------  --------  ----------  --------------  -------------------
/opt/airflow/dags/first_pipeline.py                           1           0  0.63s           2024-06-25T12:19:48
================================================================================
[2024-06-25T12:20:40.746+0000] {manager.py:878} INFO - 
================================================================================
DAG File Processing Stats

File Path                            PID    Runtime      # DAGs    # Errors  Last Runtime    Last Run
-----------------------------------  -----  ---------  --------  ----------  --------------  -------------------
/opt/airflow/dags/first_pipeline.py                           1           0  0.85s           2024-06-25T12:20:20
================================================================================
[2024-06-25T12:21:10.994+0000] {manager.py:878} INFO - 
================================================================================
DAG File Processing Stats

File Path                            PID    Runtime      # DAGs    # Errors  Last Runtime    Last Run
-----------------------------------  -----  ---------  --------  ----------  --------------  -------------------
/opt/airflow/dags/first_pipeline.py                           1           0  0.38s           2024-06-25T12:20:50
================================================================================
[2024-06-25T12:21:41.015+0000] {manager.py:878} INFO - 
================================================================================
DAG File Processing Stats

File Path                            PID    Runtime      # DAGs    # Errors  Last Runtime    Last Run
-----------------------------------  -----  ---------  --------  ----------  --------------  -------------------
/opt/airflow/dags/first_pipeline.py                           1           0  0.26s           2024-06-25T12:21:21
================================================================================
[2024-06-25T12:22:11.318+0000] {manager.py:878} INFO - 
================================================================================
DAG File Processing Stats

File Path                            PID    Runtime      # DAGs    # Errors  Last Runtime    Last Run
-----------------------------------  -----  ---------  --------  ----------  --------------  -------------------
/opt/airflow/dags/first_pipeline.py                           1           0  0.52s           2024-06-25T12:21:52
================================================================================
[2024-06-25T12:22:41.657+0000] {manager.py:878} INFO - 
================================================================================
DAG File Processing Stats

File Path                            PID    Runtime      # DAGs    # Errors  Last Runtime    Last Run
-----------------------------------  -----  ---------  --------  ----------  --------------  -------------------
/opt/airflow/dags/first_pipeline.py                           1           0  0.25s           2024-06-25T12:22:23
================================================================================
[2024-06-25T12:23:12.128+0000] {manager.py:878} INFO - 
================================================================================
DAG File Processing Stats

File Path                            PID    Runtime      # DAGs    # Errors  Last Runtime    Last Run
-----------------------------------  -----  ---------  --------  ----------  --------------  -------------------
/opt/airflow/dags/first_pipeline.py                           1           0  0.47s           2024-06-25T12:22:54
================================================================================
[2024-06-25T12:23:26.755+0000] {manager.py:737} INFO - Searching for files in /opt/airflow/dags
[2024-06-25T12:23:26.825+0000] {manager.py:740} INFO - There are 1 files in /opt/airflow/dags
[2024-06-25T12:23:42.210+0000] {manager.py:878} INFO - 
================================================================================
DAG File Processing Stats

File Path                            PID    Runtime      # DAGs    # Errors  Last Runtime    Last Run
-----------------------------------  -----  ---------  --------  ----------  --------------  -------------------
/opt/airflow/dags/first_pipeline.py                           1           0  0.36s           2024-06-25T12:23:25
================================================================================
[2024-06-25T12:24:12.421+0000] {manager.py:878} INFO - 
================================================================================
DAG File Processing Stats

File Path                            PID    Runtime      # DAGs    # Errors  Last Runtime    Last Run
-----------------------------------  -----  ---------  --------  ----------  --------------  -------------------
/opt/airflow/dags/first_pipeline.py                           1           0  0.24s           2024-06-25T12:23:55
================================================================================
[2024-06-25T12:24:43.025+0000] {manager.py:878} INFO - 
================================================================================
DAG File Processing Stats

File Path                            PID    Runtime      # DAGs    # Errors  Last Runtime    Last Run
-----------------------------------  -----  ---------  --------  ----------  --------------  -------------------
/opt/airflow/dags/first_pipeline.py                           1           0  0.30s           2024-06-25T12:24:26
================================================================================
[2024-06-25T12:25:13.040+0000] {manager.py:878} INFO - 
================================================================================
DAG File Processing Stats

File Path                            PID    Runtime      # DAGs    # Errors  Last Runtime    Last Run
-----------------------------------  -----  ---------  --------  ----------  --------------  -------------------
/opt/airflow/dags/first_pipeline.py                           1           0  12.26s          2024-06-25T12:25:08
================================================================================
[2024-06-25T12:25:43.100+0000] {manager.py:878} INFO - 
================================================================================
DAG File Processing Stats

File Path                            PID    Runtime      # DAGs    # Errors  Last Runtime    Last Run
-----------------------------------  -----  ---------  --------  ----------  --------------  -------------------
/opt/airflow/dags/first_pipeline.py                           1           0  0.25s           2024-06-25T12:25:38
================================================================================
[2024-06-25T12:26:13.433+0000] {manager.py:878} INFO - 
================================================================================
DAG File Processing Stats

File Path                            PID    Runtime      # DAGs    # Errors  Last Runtime    Last Run
-----------------------------------  -----  ---------  --------  ----------  --------------  -------------------
/opt/airflow/dags/first_pipeline.py                           1           0  0.39s           2024-06-25T12:26:09
================================================================================
[2024-06-25T12:26:43.614+0000] {manager.py:878} INFO - 
================================================================================
DAG File Processing Stats

File Path                            PID    Runtime      # DAGs    # Errors  Last Runtime    Last Run
-----------------------------------  -----  ---------  --------  ----------  --------------  -------------------
/opt/airflow/dags/first_pipeline.py                           1           0  0.21s           2024-06-25T12:26:40
================================================================================
[2024-06-25T12:27:14.218+0000] {manager.py:878} INFO - 
================================================================================
DAG File Processing Stats

File Path                            PID    Runtime      # DAGs    # Errors  Last Runtime    Last Run
-----------------------------------  -----  ---------  --------  ----------  --------------  -------------------
/opt/airflow/dags/first_pipeline.py                           1           0  1.17s           2024-06-25T12:27:12
================================================================================
[2024-06-25T12:27:44.439+0000] {manager.py:878} INFO - 
================================================================================
DAG File Processing Stats

File Path                              PID  Runtime      # DAGs    # Errors  Last Runtime    Last Run
-----------------------------------  -----  ---------  --------  ----------  --------------  -------------------
/opt/airflow/dags/first_pipeline.py    991  2.15s             1           0  1.17s           2024-06-25T12:27:12
================================================================================
[2024-06-25T12:28:14.517+0000] {manager.py:878} INFO - 
================================================================================
DAG File Processing Stats

File Path                            PID    Runtime      # DAGs    # Errors  Last Runtime    Last Run
-----------------------------------  -----  ---------  --------  ----------  --------------  -------------------
/opt/airflow/dags/first_pipeline.py                           1           0  2.59s           2024-06-25T12:27:44
================================================================================
[2024-06-25T12:28:27.479+0000] {manager.py:737} INFO - Searching for files in /opt/airflow/dags
[2024-06-25T12:28:28.978+0000] {manager.py:740} INFO - There are 1 files in /opt/airflow/dags
[2024-06-25T12:28:44.615+0000] {manager.py:878} INFO - 
================================================================================
DAG File Processing Stats

File Path                            PID    Runtime      # DAGs    # Errors  Last Runtime    Last Run
-----------------------------------  -----  ---------  --------  ----------  --------------  -------------------
/opt/airflow/dags/first_pipeline.py                           1           0  1.56s           2024-06-25T12:28:17
================================================================================
[2024-06-25T12:29:14.653+0000] {manager.py:878} INFO - 
================================================================================
DAG File Processing Stats

File Path                            PID    Runtime      # DAGs    # Errors  Last Runtime    Last Run
-----------------------------------  -----  ---------  --------  ----------  --------------  -------------------
/opt/airflow/dags/first_pipeline.py                           1           0  1.05s           2024-06-25T12:28:48
================================================================================
[2024-06-25T12:29:44.775+0000] {manager.py:878} INFO - 
================================================================================
DAG File Processing Stats

File Path                            PID    Runtime      # DAGs    # Errors  Last Runtime    Last Run
-----------------------------------  -----  ---------  --------  ----------  --------------  -------------------
/opt/airflow/dags/first_pipeline.py                           1           0  5.26s           2024-06-25T12:29:25
================================================================================
[2024-06-25T12:30:15.458+0000] {manager.py:878} INFO - 
================================================================================
DAG File Processing Stats

File Path                            PID    Runtime      # DAGs    # Errors  Last Runtime    Last Run
-----------------------------------  -----  ---------  --------  ----------  --------------  -------------------
/opt/airflow/dags/first_pipeline.py                           1           0  2.52s           2024-06-25T12:29:58
================================================================================
[2024-06-25T12:30:46.270+0000] {manager.py:878} INFO - 
================================================================================
DAG File Processing Stats

File Path                            PID    Runtime      # DAGs    # Errors  Last Runtime    Last Run
-----------------------------------  -----  ---------  --------  ----------  --------------  -------------------
/opt/airflow/dags/first_pipeline.py                           1           0  1.01s           2024-06-25T12:30:29
================================================================================
[2024-06-25T12:31:16.493+0000] {manager.py:878} INFO - 
================================================================================
DAG File Processing Stats

File Path                            PID    Runtime      # DAGs    # Errors  Last Runtime    Last Run
-----------------------------------  -----  ---------  --------  ----------  --------------  -------------------
/opt/airflow/dags/first_pipeline.py                           1           0  4.07s           2024-06-25T12:31:04
================================================================================
[2024-06-25T12:31:47.053+0000] {manager.py:878} INFO - 
================================================================================
DAG File Processing Stats

File Path                            PID    Runtime      # DAGs    # Errors  Last Runtime    Last Run
-----------------------------------  -----  ---------  --------  ----------  --------------  -------------------
/opt/airflow/dags/first_pipeline.py                           1           0  1.56s           2024-06-25T12:31:36
================================================================================
[2024-06-25T12:32:17.247+0000] {manager.py:878} INFO - 
================================================================================
DAG File Processing Stats

File Path                            PID    Runtime      # DAGs    # Errors  Last Runtime    Last Run
-----------------------------------  -----  ---------  --------  ----------  --------------  -------------------
/opt/airflow/dags/first_pipeline.py                           1           0  4.68s           2024-06-25T12:32:11
================================================================================
[2024-06-25T12:32:47.459+0000] {manager.py:878} INFO - 
================================================================================
DAG File Processing Stats

File Path                            PID    Runtime      # DAGs    # Errors  Last Runtime    Last Run
-----------------------------------  -----  ---------  --------  ----------  --------------  -------------------
/opt/airflow/dags/first_pipeline.py                           1           0  2.38s           2024-06-25T12:32:44
================================================================================
[2024-06-25T12:33:17.636+0000] {manager.py:878} INFO - 
================================================================================
DAG File Processing Stats

File Path                            PID    Runtime      # DAGs    # Errors  Last Runtime    Last Run
-----------------------------------  -----  ---------  --------  ----------  --------------  -------------------
/opt/airflow/dags/first_pipeline.py                           1           0  1.57s           2024-06-25T12:33:16
================================================================================
[2024-06-25T12:33:27.560+0000] {manager.py:737} INFO - Searching for files in /opt/airflow/dags
[2024-06-25T12:33:27.620+0000] {manager.py:740} INFO - There are 1 files in /opt/airflow/dags
[2024-06-25T12:33:48.262+0000] {manager.py:878} INFO - 
================================================================================
DAG File Processing Stats

File Path                              PID  Runtime      # DAGs    # Errors  Last Runtime    Last Run
-----------------------------------  -----  ---------  --------  ----------  --------------  -------------------
/opt/airflow/dags/first_pipeline.py   2015  1.06s             1           0  1.57s           2024-06-25T12:33:16
================================================================================
[2024-06-25T12:34:18.285+0000] {manager.py:878} INFO - 
================================================================================
DAG File Processing Stats

File Path                            PID    Runtime      # DAGs    # Errors  Last Runtime    Last Run
-----------------------------------  -----  ---------  --------  ----------  --------------  -------------------
/opt/airflow/dags/first_pipeline.py                           1           0  2.44s           2024-06-25T12:33:49
================================================================================
[2024-06-25T12:34:48.478+0000] {manager.py:878} INFO - 
================================================================================
DAG File Processing Stats

File Path                            PID    Runtime      # DAGs    # Errors  Last Runtime    Last Run
-----------------------------------  -----  ---------  --------  ----------  --------------  -------------------
/opt/airflow/dags/first_pipeline.py                           1           0  2.06s           2024-06-25T12:34:22
================================================================================
[2024-06-25T12:35:18.595+0000] {manager.py:878} INFO - 
================================================================================
DAG File Processing Stats

File Path                            PID    Runtime      # DAGs    # Errors  Last Runtime    Last Run
-----------------------------------  -----  ---------  --------  ----------  --------------  -------------------
/opt/airflow/dags/first_pipeline.py                           1           0  1.58s           2024-06-25T12:34:54
================================================================================
[2024-06-25T12:35:48.605+0000] {manager.py:878} INFO - 
================================================================================
DAG File Processing Stats

File Path                            PID    Runtime      # DAGs    # Errors  Last Runtime    Last Run
-----------------------------------  -----  ---------  --------  ----------  --------------  -------------------
/opt/airflow/dags/first_pipeline.py                           1           0  1.43s           2024-06-25T12:35:26
================================================================================
[2024-06-25T12:36:19.323+0000] {manager.py:878} INFO - 
================================================================================
DAG File Processing Stats

File Path                            PID    Runtime      # DAGs    # Errors  Last Runtime    Last Run
-----------------------------------  -----  ---------  --------  ----------  --------------  -------------------
/opt/airflow/dags/first_pipeline.py                           1           0  1.69s           2024-06-25T12:35:57
================================================================================
[2024-06-25T12:36:49.992+0000] {manager.py:878} INFO - 
================================================================================
DAG File Processing Stats

File Path                            PID    Runtime      # DAGs    # Errors  Last Runtime    Last Run
-----------------------------------  -----  ---------  --------  ----------  --------------  -------------------
/opt/airflow/dags/first_pipeline.py                           1           0  2.20s           2024-06-25T12:36:31
================================================================================
[2024-06-25T12:37:20.693+0000] {manager.py:878} INFO - 
================================================================================
DAG File Processing Stats

File Path                            PID    Runtime      # DAGs    # Errors  Last Runtime    Last Run
-----------------------------------  -----  ---------  --------  ----------  --------------  -------------------
/opt/airflow/dags/first_pipeline.py                           1           0  4.65s           2024-06-25T12:37:08
================================================================================
[2024-06-25T12:37:50.998+0000] {manager.py:878} INFO - 
================================================================================
DAG File Processing Stats

File Path                            PID    Runtime      # DAGs    # Errors  Last Runtime    Last Run
-----------------------------------  -----  ---------  --------  ----------  --------------  -------------------
/opt/airflow/dags/first_pipeline.py                           1           0  0.44s           2024-06-25T12:37:39
================================================================================
[2024-06-25T12:38:21.079+0000] {manager.py:878} INFO - 
================================================================================
DAG File Processing Stats

File Path                            PID    Runtime      # DAGs    # Errors  Last Runtime    Last Run
-----------------------------------  -----  ---------  --------  ----------  --------------  -------------------
/opt/airflow/dags/first_pipeline.py                           1           0  0.38s           2024-06-25T12:38:09
================================================================================
[2024-06-25T12:38:27.762+0000] {manager.py:737} INFO - Searching for files in /opt/airflow/dags
[2024-06-25T12:38:27.807+0000] {manager.py:740} INFO - There are 1 files in /opt/airflow/dags
[2024-06-25T12:38:51.326+0000] {manager.py:878} INFO - 
================================================================================
DAG File Processing Stats

File Path                            PID    Runtime      # DAGs    # Errors  Last Runtime    Last Run
-----------------------------------  -----  ---------  --------  ----------  --------------  -------------------
/opt/airflow/dags/first_pipeline.py                           1           0  0.28s           2024-06-25T12:38:40
================================================================================
[2024-06-25T12:39:21.865+0000] {manager.py:878} INFO - 
================================================================================
DAG File Processing Stats

File Path                            PID    Runtime      # DAGs    # Errors  Last Runtime    Last Run
-----------------------------------  -----  ---------  --------  ----------  --------------  -------------------
/opt/airflow/dags/first_pipeline.py                           1           0  0.24s           2024-06-25T12:39:10
================================================================================
[2024-06-25T12:39:51.905+0000] {manager.py:878} INFO - 
================================================================================
DAG File Processing Stats

File Path                            PID    Runtime      # DAGs    # Errors  Last Runtime    Last Run
-----------------------------------  -----  ---------  --------  ----------  --------------  -------------------
/opt/airflow/dags/first_pipeline.py                           1           0  0.44s           2024-06-25T12:39:41
================================================================================
[2024-06-25T12:40:22.501+0000] {manager.py:878} INFO - 
================================================================================
DAG File Processing Stats

File Path                            PID    Runtime      # DAGs    # Errors  Last Runtime    Last Run
-----------------------------------  -----  ---------  --------  ----------  --------------  -------------------
/opt/airflow/dags/first_pipeline.py                           1           0  0.39s           2024-06-25T12:40:12
================================================================================
[2024-06-25T12:40:52.587+0000] {manager.py:878} INFO - 
================================================================================
DAG File Processing Stats

File Path                            PID    Runtime      # DAGs    # Errors  Last Runtime    Last Run
-----------------------------------  -----  ---------  --------  ----------  --------------  -------------------
/opt/airflow/dags/first_pipeline.py                           1           0  0.39s           2024-06-25T12:40:43
================================================================================
[2024-06-25T12:41:22.617+0000] {manager.py:878} INFO - 
================================================================================
DAG File Processing Stats

File Path                            PID    Runtime      # DAGs    # Errors  Last Runtime    Last Run
-----------------------------------  -----  ---------  --------  ----------  --------------  -------------------
/opt/airflow/dags/first_pipeline.py                           1           0  0.67s           2024-06-25T12:41:14
================================================================================
[2024-06-25T12:41:53.271+0000] {manager.py:878} INFO - 
================================================================================
DAG File Processing Stats

File Path                            PID    Runtime      # DAGs    # Errors  Last Runtime    Last Run
-----------------------------------  -----  ---------  --------  ----------  --------------  -------------------
/opt/airflow/dags/first_pipeline.py                           1           0  0.38s           2024-06-25T12:41:45
================================================================================
[2024-06-25T12:42:23.647+0000] {manager.py:878} INFO - 
================================================================================
DAG File Processing Stats

File Path                            PID    Runtime      # DAGs    # Errors  Last Runtime    Last Run
-----------------------------------  -----  ---------  --------  ----------  --------------  -------------------
/opt/airflow/dags/first_pipeline.py                           1           0  0.63s           2024-06-25T12:42:16
================================================================================
[2024-06-25T12:42:54.501+0000] {manager.py:878} INFO - 
================================================================================
DAG File Processing Stats

File Path                            PID    Runtime      # DAGs    # Errors  Last Runtime    Last Run
-----------------------------------  -----  ---------  --------  ----------  --------------  -------------------
/opt/airflow/dags/first_pipeline.py                           1           0  0.58s           2024-06-25T12:42:47
================================================================================
[2024-06-25T12:43:24.577+0000] {manager.py:878} INFO - 
================================================================================
DAG File Processing Stats

File Path                            PID    Runtime      # DAGs    # Errors  Last Runtime    Last Run
-----------------------------------  -----  ---------  --------  ----------  --------------  -------------------
/opt/airflow/dags/first_pipeline.py                           1           0  0.66s           2024-06-25T12:43:18
================================================================================
[2024-06-25T12:43:27.966+0000] {manager.py:737} INFO - Searching for files in /opt/airflow/dags
[2024-06-25T12:43:28.232+0000] {manager.py:740} INFO - There are 1 files in /opt/airflow/dags
[2024-06-25T12:43:54.971+0000] {manager.py:878} INFO - 
================================================================================
DAG File Processing Stats

File Path                            PID    Runtime      # DAGs    # Errors  Last Runtime    Last Run
-----------------------------------  -----  ---------  --------  ----------  --------------  -------------------
/opt/airflow/dags/first_pipeline.py                           1           0  0.38s           2024-06-25T12:43:50
================================================================================
[2024-06-25T12:44:25.104+0000] {manager.py:878} INFO - 
================================================================================
DAG File Processing Stats

File Path                            PID    Runtime      # DAGs    # Errors  Last Runtime    Last Run
-----------------------------------  -----  ---------  --------  ----------  --------------  -------------------
/opt/airflow/dags/first_pipeline.py                           1           0  0.46s           2024-06-25T12:44:21
================================================================================
[2024-06-25T12:44:55.337+0000] {manager.py:878} INFO - 
================================================================================
DAG File Processing Stats

File Path                            PID    Runtime      # DAGs    # Errors  Last Runtime    Last Run
-----------------------------------  -----  ---------  --------  ----------  --------------  -------------------
/opt/airflow/dags/first_pipeline.py                           1           0  0.43s           2024-06-25T12:44:52
================================================================================
[2024-06-25T12:45:25.823+0000] {manager.py:878} INFO - 
================================================================================
DAG File Processing Stats

File Path                            PID    Runtime      # DAGs    # Errors  Last Runtime    Last Run
-----------------------------------  -----  ---------  --------  ----------  --------------  -------------------
/opt/airflow/dags/first_pipeline.py                           1           0  0.40s           2024-06-25T12:45:23
================================================================================
[2024-06-25T12:45:55.954+0000] {manager.py:878} INFO - 
================================================================================
DAG File Processing Stats

File Path                            PID    Runtime      # DAGs    # Errors  Last Runtime    Last Run
-----------------------------------  -----  ---------  --------  ----------  --------------  -------------------
/opt/airflow/dags/first_pipeline.py                           1           0  0.27s           2024-06-25T12:45:53
================================================================================
[2024-06-25T12:46:26.362+0000] {manager.py:878} INFO - 
================================================================================
DAG File Processing Stats

File Path                            PID    Runtime      # DAGs    # Errors  Last Runtime    Last Run
-----------------------------------  -----  ---------  --------  ----------  --------------  -------------------
/opt/airflow/dags/first_pipeline.py                           1           0  0.33s           2024-06-25T12:46:24
================================================================================
[2024-06-25T12:46:56.374+0000] {manager.py:878} INFO - 
================================================================================
DAG File Processing Stats

File Path                            PID    Runtime      # DAGs    # Errors  Last Runtime    Last Run
-----------------------------------  -----  ---------  --------  ----------  --------------  -------------------
/opt/airflow/dags/first_pipeline.py                           1           0  0.28s           2024-06-25T12:46:55
================================================================================
[2024-06-25T12:47:27.132+0000] {manager.py:878} INFO - 
================================================================================
DAG File Processing Stats

File Path                              PID  Runtime      # DAGs    # Errors  Last Runtime    Last Run
-----------------------------------  -----  ---------  --------  ----------  --------------  -------------------
/opt/airflow/dags/first_pipeline.py   2866  1.06s             1           0  0.28s           2024-06-25T12:46:55
================================================================================
[2024-06-25T12:47:57.305+0000] {manager.py:878} INFO - 
================================================================================
DAG File Processing Stats

File Path                            PID    Runtime      # DAGs    # Errors  Last Runtime    Last Run
-----------------------------------  -----  ---------  --------  ----------  --------------  -------------------
/opt/airflow/dags/first_pipeline.py                           1           0  1.83s           2024-06-25T12:47:27
================================================================================
[2024-06-25T12:48:28.086+0000] {manager.py:737} INFO - Searching for files in /opt/airflow/dags
[2024-06-25T12:48:28.260+0000] {manager.py:740} INFO - There are 1 files in /opt/airflow/dags
[2024-06-25T12:48:28.305+0000] {manager.py:878} INFO - 
================================================================================
DAG File Processing Stats

File Path                            PID    Runtime      # DAGs    # Errors  Last Runtime    Last Run
-----------------------------------  -----  ---------  --------  ----------  --------------  -------------------
/opt/airflow/dags/first_pipeline.py                           1           0  0.46s           2024-06-25T12:47:58
================================================================================
[2024-06-25T12:48:58.557+0000] {manager.py:878} INFO - 
================================================================================
DAG File Processing Stats

File Path                            PID    Runtime      # DAGs    # Errors  Last Runtime    Last Run
-----------------------------------  -----  ---------  --------  ----------  --------------  -------------------
/opt/airflow/dags/first_pipeline.py                           1           0  0.51s           2024-06-25T12:48:29
================================================================================
[2024-06-25T12:49:28.877+0000] {manager.py:878} INFO - 
================================================================================
DAG File Processing Stats

File Path                            PID    Runtime      # DAGs    # Errors  Last Runtime    Last Run
-----------------------------------  -----  ---------  --------  ----------  --------------  -------------------
/opt/airflow/dags/first_pipeline.py                           1           0  0.38s           2024-06-25T12:49:00
================================================================================
[2024-06-25T12:49:59.472+0000] {manager.py:878} INFO - 
================================================================================
DAG File Processing Stats

File Path                            PID    Runtime      # DAGs    # Errors  Last Runtime    Last Run
-----------------------------------  -----  ---------  --------  ----------  --------------  -------------------
/opt/airflow/dags/first_pipeline.py                           1           0  0.59s           2024-06-25T12:49:31
================================================================================
[2024-06-25T12:50:29.546+0000] {manager.py:878} INFO - 
================================================================================
DAG File Processing Stats

File Path                            PID    Runtime      # DAGs    # Errors  Last Runtime    Last Run
-----------------------------------  -----  ---------  --------  ----------  --------------  -------------------
/opt/airflow/dags/first_pipeline.py                           1           0  0.39s           2024-06-25T12:50:01
================================================================================
[2024-06-25T12:51:00.098+0000] {manager.py:878} INFO - 
================================================================================
DAG File Processing Stats

File Path                            PID    Runtime      # DAGs    # Errors  Last Runtime    Last Run
-----------------------------------  -----  ---------  --------  ----------  --------------  -------------------
/opt/airflow/dags/first_pipeline.py                           1           0  0.33s           2024-06-25T12:50:32
================================================================================
[2024-06-25T12:51:30.881+0000] {manager.py:878} INFO - 
================================================================================
DAG File Processing Stats

File Path                            PID    Runtime      # DAGs    # Errors  Last Runtime    Last Run
-----------------------------------  -----  ---------  --------  ----------  --------------  -------------------
/opt/airflow/dags/first_pipeline.py                           1           0  1.48s           2024-06-25T12:51:05
================================================================================
[2024-06-25T12:52:01.302+0000] {manager.py:878} INFO - 
================================================================================
DAG File Processing Stats

File Path                            PID    Runtime      # DAGs    # Errors  Last Runtime    Last Run
-----------------------------------  -----  ---------  --------  ----------  --------------  -------------------
/opt/airflow/dags/first_pipeline.py                           1           0  0.55s           2024-06-25T12:51:35
================================================================================
[2024-06-25T12:52:31.409+0000] {manager.py:878} INFO - 
================================================================================
DAG File Processing Stats

File Path                            PID    Runtime      # DAGs    # Errors  Last Runtime    Last Run
-----------------------------------  -----  ---------  --------  ----------  --------------  -------------------
/opt/airflow/dags/first_pipeline.py                           1           0  0.33s           2024-06-25T12:52:06
================================================================================
[2024-06-25T12:53:01.519+0000] {manager.py:878} INFO - 
================================================================================
DAG File Processing Stats

File Path                            PID    Runtime      # DAGs    # Errors  Last Runtime    Last Run
-----------------------------------  -----  ---------  --------  ----------  --------------  -------------------
/opt/airflow/dags/first_pipeline.py                           1           0  0.56s           2024-06-25T12:52:37
================================================================================
[2024-06-25T12:53:28.275+0000] {manager.py:737} INFO - Searching for files in /opt/airflow/dags
[2024-06-25T12:53:28.338+0000] {manager.py:740} INFO - There are 1 files in /opt/airflow/dags
[2024-06-25T12:53:31.576+0000] {manager.py:878} INFO - 
================================================================================
DAG File Processing Stats

File Path                            PID    Runtime      # DAGs    # Errors  Last Runtime    Last Run
-----------------------------------  -----  ---------  --------  ----------  --------------  -------------------
/opt/airflow/dags/first_pipeline.py                           1           0  0.56s           2024-06-25T12:53:08
================================================================================
[2024-06-25T12:54:02.240+0000] {manager.py:878} INFO - 
================================================================================
DAG File Processing Stats

File Path                            PID    Runtime      # DAGs    # Errors  Last Runtime    Last Run
-----------------------------------  -----  ---------  --------  ----------  --------------  -------------------
/opt/airflow/dags/first_pipeline.py                           1           0  1.10s           2024-06-25T12:53:39
================================================================================
[2024-06-25T12:54:32.751+0000] {manager.py:878} INFO - 
================================================================================
DAG File Processing Stats

File Path                            PID    Runtime      # DAGs    # Errors  Last Runtime    Last Run
-----------------------------------  -----  ---------  --------  ----------  --------------  -------------------
/opt/airflow/dags/first_pipeline.py                           1           0  0.73s           2024-06-25T12:54:11
================================================================================
[2024-06-25T12:55:02.857+0000] {manager.py:878} INFO - 
================================================================================
DAG File Processing Stats

File Path                            PID    Runtime      # DAGs    # Errors  Last Runtime    Last Run
-----------------------------------  -----  ---------  --------  ----------  --------------  -------------------
/opt/airflow/dags/first_pipeline.py                           1           0  0.64s           2024-06-25T12:54:42
================================================================================
[2024-06-25T12:55:33.009+0000] {manager.py:878} INFO - 
================================================================================
DAG File Processing Stats

File Path                            PID    Runtime      # DAGs    # Errors  Last Runtime    Last Run
-----------------------------------  -----  ---------  --------  ----------  --------------  -------------------
/opt/airflow/dags/first_pipeline.py                           1           0  0.62s           2024-06-25T12:55:13
================================================================================
[2024-06-25T12:56:03.601+0000] {manager.py:878} INFO - 
================================================================================
DAG File Processing Stats

File Path                            PID    Runtime      # DAGs    # Errors  Last Runtime    Last Run
-----------------------------------  -----  ---------  --------  ----------  --------------  -------------------
/opt/airflow/dags/first_pipeline.py                           1           0  0.55s           2024-06-25T12:55:44
================================================================================
[2024-06-25T12:56:33.621+0000] {manager.py:878} INFO - 
================================================================================
DAG File Processing Stats

File Path                            PID    Runtime      # DAGs    # Errors  Last Runtime    Last Run
-----------------------------------  -----  ---------  --------  ----------  --------------  -------------------
/opt/airflow/dags/first_pipeline.py                           1           0  0.44s           2024-06-25T12:56:15
================================================================================
[2024-06-25T12:57:04.374+0000] {manager.py:878} INFO - 
================================================================================
DAG File Processing Stats

File Path                            PID    Runtime      # DAGs    # Errors  Last Runtime    Last Run
-----------------------------------  -----  ---------  --------  ----------  --------------  -------------------
/opt/airflow/dags/first_pipeline.py                           1           0  0.37s           2024-06-25T12:56:45
================================================================================
[2024-06-25T12:57:34.546+0000] {manager.py:878} INFO - 
================================================================================
DAG File Processing Stats

File Path                            PID    Runtime      # DAGs    # Errors  Last Runtime    Last Run
-----------------------------------  -----  ---------  --------  ----------  --------------  -------------------
/opt/airflow/dags/first_pipeline.py                           1           0  0.32s           2024-06-25T12:57:16
================================================================================
[2024-06-25T12:58:05.200+0000] {manager.py:878} INFO - 
================================================================================
DAG File Processing Stats

File Path                            PID    Runtime      # DAGs    # Errors  Last Runtime    Last Run
-----------------------------------  -----  ---------  --------  ----------  --------------  -------------------
/opt/airflow/dags/first_pipeline.py                           1           0  0.30s           2024-06-25T12:57:46
================================================================================
[2024-06-25T12:58:28.540+0000] {manager.py:737} INFO - Searching for files in /opt/airflow/dags
[2024-06-25T12:58:28.604+0000] {manager.py:740} INFO - There are 1 files in /opt/airflow/dags
[2024-06-25T12:58:35.725+0000] {manager.py:878} INFO - 
================================================================================
DAG File Processing Stats

File Path                            PID    Runtime      # DAGs    # Errors  Last Runtime    Last Run
-----------------------------------  -----  ---------  --------  ----------  --------------  -------------------
/opt/airflow/dags/first_pipeline.py                           1           0  0.34s           2024-06-25T12:58:17
================================================================================
[2024-06-25T12:59:06.193+0000] {manager.py:878} INFO - 
================================================================================
DAG File Processing Stats

File Path                            PID    Runtime      # DAGs    # Errors  Last Runtime    Last Run
-----------------------------------  -----  ---------  --------  ----------  --------------  -------------------
/opt/airflow/dags/first_pipeline.py                           1           0  0.35s           2024-06-25T12:58:48
================================================================================
[2024-06-25T12:59:36.674+0000] {manager.py:878} INFO - 
================================================================================
DAG File Processing Stats

File Path                            PID    Runtime      # DAGs    # Errors  Last Runtime    Last Run
-----------------------------------  -----  ---------  --------  ----------  --------------  -------------------
/opt/airflow/dags/first_pipeline.py                           1           0  0.38s           2024-06-25T12:59:18
================================================================================
[2024-06-25T13:00:07.187+0000] {manager.py:878} INFO - 
================================================================================
DAG File Processing Stats

File Path                            PID    Runtime      # DAGs    # Errors  Last Runtime    Last Run
-----------------------------------  -----  ---------  --------  ----------  --------------  -------------------
/opt/airflow/dags/first_pipeline.py                           1           0  0.46s           2024-06-25T12:59:49
================================================================================
[2024-06-25T13:00:37.733+0000] {manager.py:878} INFO - 
================================================================================
DAG File Processing Stats

File Path                            PID    Runtime      # DAGs    # Errors  Last Runtime    Last Run
-----------------------------------  -----  ---------  --------  ----------  --------------  -------------------
/opt/airflow/dags/first_pipeline.py                           1           0  0.31s           2024-06-25T13:00:19
================================================================================
[2024-06-25T13:01:08.391+0000] {manager.py:878} INFO - 
================================================================================
DAG File Processing Stats

File Path                            PID    Runtime      # DAGs    # Errors  Last Runtime    Last Run
-----------------------------------  -----  ---------  --------  ----------  --------------  -------------------
/opt/airflow/dags/first_pipeline.py                           1           0  0.32s           2024-06-25T13:00:50
================================================================================
[2024-06-25T13:01:39.040+0000] {manager.py:878} INFO - 
================================================================================
DAG File Processing Stats

File Path                            PID    Runtime      # DAGs    # Errors  Last Runtime    Last Run
-----------------------------------  -----  ---------  --------  ----------  --------------  -------------------
/opt/airflow/dags/first_pipeline.py                           1           0  0.37s           2024-06-25T13:01:21
================================================================================
[2024-06-25T13:02:09.245+0000] {manager.py:878} INFO - 
================================================================================
DAG File Processing Stats

File Path                            PID    Runtime      # DAGs    # Errors  Last Runtime    Last Run
-----------------------------------  -----  ---------  --------  ----------  --------------  -------------------
/opt/airflow/dags/first_pipeline.py                           1           0  0.54s           2024-06-25T13:01:52
================================================================================
[2024-06-25T13:02:39.720+0000] {manager.py:878} INFO - 
================================================================================
DAG File Processing Stats

File Path                            PID    Runtime      # DAGs    # Errors  Last Runtime    Last Run
-----------------------------------  -----  ---------  --------  ----------  --------------  -------------------
/opt/airflow/dags/first_pipeline.py                           1           0  0.35s           2024-06-25T13:02:22
================================================================================
[2024-06-25T13:03:10.515+0000] {manager.py:878} INFO - 
================================================================================
DAG File Processing Stats

File Path                            PID    Runtime      # DAGs    # Errors  Last Runtime    Last Run
-----------------------------------  -----  ---------  --------  ----------  --------------  -------------------
/opt/airflow/dags/first_pipeline.py                           1           0  0.38s           2024-06-25T13:02:53
================================================================================
[2024-06-25T13:03:28.786+0000] {manager.py:737} INFO - Searching for files in /opt/airflow/dags
[2024-06-25T13:03:28.849+0000] {manager.py:740} INFO - There are 1 files in /opt/airflow/dags
[2024-06-25T13:03:40.973+0000] {manager.py:878} INFO - 
================================================================================
DAG File Processing Stats

File Path                            PID    Runtime      # DAGs    # Errors  Last Runtime    Last Run
-----------------------------------  -----  ---------  --------  ----------  --------------  -------------------
/opt/airflow/dags/first_pipeline.py                           1           0  0.28s           2024-06-25T13:03:23
================================================================================
[2024-06-25T13:04:11.391+0000] {manager.py:878} INFO - 
================================================================================
DAG File Processing Stats

File Path                            PID    Runtime      # DAGs    # Errors  Last Runtime    Last Run
-----------------------------------  -----  ---------  --------  ----------  --------------  -------------------
/opt/airflow/dags/first_pipeline.py                           1           0  0.31s           2024-06-25T13:03:54
================================================================================
[2024-06-25T13:04:41.906+0000] {manager.py:878} INFO - 
================================================================================
DAG File Processing Stats

File Path                            PID    Runtime      # DAGs    # Errors  Last Runtime    Last Run
-----------------------------------  -----  ---------  --------  ----------  --------------  -------------------
/opt/airflow/dags/first_pipeline.py                           1           0  0.45s           2024-06-25T13:04:25
================================================================================
[2024-06-25T13:05:12.202+0000] {manager.py:878} INFO - 
================================================================================
DAG File Processing Stats

File Path                            PID    Runtime      # DAGs    # Errors  Last Runtime    Last Run
-----------------------------------  -----  ---------  --------  ----------  --------------  -------------------
/opt/airflow/dags/first_pipeline.py                           1           0  0.28s           2024-06-25T13:04:55
================================================================================
[2024-06-25T13:05:42.733+0000] {manager.py:878} INFO - 
================================================================================
DAG File Processing Stats

File Path                            PID    Runtime      # DAGs    # Errors  Last Runtime    Last Run
-----------------------------------  -----  ---------  --------  ----------  --------------  -------------------
/opt/airflow/dags/first_pipeline.py                           1           0  0.28s           2024-06-25T13:05:25
================================================================================
[2024-06-25T13:06:13.337+0000] {manager.py:878} INFO - 
================================================================================
DAG File Processing Stats

File Path                            PID    Runtime      # DAGs    # Errors  Last Runtime    Last Run
-----------------------------------  -----  ---------  --------  ----------  --------------  -------------------
/opt/airflow/dags/first_pipeline.py                           1           0  0.30s           2024-06-25T13:05:56
================================================================================
[2024-06-25T13:06:43.946+0000] {manager.py:878} INFO - 
================================================================================
DAG File Processing Stats

File Path                            PID    Runtime      # DAGs    # Errors  Last Runtime    Last Run
-----------------------------------  -----  ---------  --------  ----------  --------------  -------------------
/opt/airflow/dags/first_pipeline.py                           1           0  0.41s           2024-06-25T13:06:26
================================================================================
[2024-06-25T13:07:14.405+0000] {manager.py:878} INFO - 
================================================================================
DAG File Processing Stats

File Path                            PID    Runtime      # DAGs    # Errors  Last Runtime    Last Run
-----------------------------------  -----  ---------  --------  ----------  --------------  -------------------
/opt/airflow/dags/first_pipeline.py                           1           0  0.33s           2024-06-25T13:06:57
================================================================================
[2024-06-25T13:07:45.041+0000] {manager.py:878} INFO - 
================================================================================
DAG File Processing Stats

File Path                            PID    Runtime      # DAGs    # Errors  Last Runtime    Last Run
-----------------------------------  -----  ---------  --------  ----------  --------------  -------------------
/opt/airflow/dags/first_pipeline.py                           1           0  0.32s           2024-06-25T13:07:28
================================================================================
[2024-06-25T13:08:15.609+0000] {manager.py:878} INFO - 
================================================================================
DAG File Processing Stats

File Path                            PID    Runtime      # DAGs    # Errors  Last Runtime    Last Run
-----------------------------------  -----  ---------  --------  ----------  --------------  -------------------
/opt/airflow/dags/first_pipeline.py                           1           0  0.33s           2024-06-25T13:07:58
================================================================================
[2024-06-25T13:08:28.978+0000] {manager.py:737} INFO - Searching for files in /opt/airflow/dags
[2024-06-25T13:08:29.024+0000] {manager.py:740} INFO - There are 1 files in /opt/airflow/dags
[2024-06-25T13:08:46.226+0000] {manager.py:878} INFO - 
================================================================================
DAG File Processing Stats

File Path                            PID    Runtime      # DAGs    # Errors  Last Runtime    Last Run
-----------------------------------  -----  ---------  --------  ----------  --------------  -------------------
/opt/airflow/dags/first_pipeline.py                           1           0  0.35s           2024-06-25T13:08:29
================================================================================
[2024-06-25T13:09:16.532+0000] {manager.py:878} INFO - 
================================================================================
DAG File Processing Stats

File Path                            PID    Runtime      # DAGs    # Errors  Last Runtime    Last Run
-----------------------------------  -----  ---------  --------  ----------  --------------  -------------------
/opt/airflow/dags/first_pipeline.py                           1           0  0.26s           2024-06-25T13:08:59
================================================================================
[2024-06-25T13:09:47.012+0000] {manager.py:878} INFO - 
================================================================================
DAG File Processing Stats

File Path                            PID    Runtime      # DAGs    # Errors  Last Runtime    Last Run
-----------------------------------  -----  ---------  --------  ----------  --------------  -------------------
/opt/airflow/dags/first_pipeline.py                           1           0  0.31s           2024-06-25T13:09:29
================================================================================
[2024-06-25T13:10:17.382+0000] {manager.py:878} INFO - 
================================================================================
DAG File Processing Stats

File Path                            PID    Runtime      # DAGs    # Errors  Last Runtime    Last Run
-----------------------------------  -----  ---------  --------  ----------  --------------  -------------------
/opt/airflow/dags/first_pipeline.py                           1           0  0.31s           2024-06-25T13:10:00
================================================================================
[2024-06-25T13:10:47.972+0000] {manager.py:878} INFO - 
================================================================================
DAG File Processing Stats

File Path                            PID    Runtime      # DAGs    # Errors  Last Runtime    Last Run
-----------------------------------  -----  ---------  --------  ----------  --------------  -------------------
/opt/airflow/dags/first_pipeline.py                           1           0  0.30s           2024-06-25T13:10:30
================================================================================
[2024-06-25T13:11:18.294+0000] {manager.py:878} INFO - 
================================================================================
DAG File Processing Stats

File Path                            PID    Runtime      # DAGs    # Errors  Last Runtime    Last Run
-----------------------------------  -----  ---------  --------  ----------  --------------  -------------------
/opt/airflow/dags/first_pipeline.py                           1           0  0.30s           2024-06-25T13:11:01
================================================================================
[2024-06-25T13:11:48.818+0000] {manager.py:878} INFO - 
================================================================================
DAG File Processing Stats

File Path                            PID    Runtime      # DAGs    # Errors  Last Runtime    Last Run
-----------------------------------  -----  ---------  --------  ----------  --------------  -------------------
/opt/airflow/dags/first_pipeline.py                           1           0  0.26s           2024-06-25T13:11:31
================================================================================
[2024-06-25T13:12:19.352+0000] {manager.py:878} INFO - 
================================================================================
DAG File Processing Stats

File Path                            PID    Runtime      # DAGs    # Errors  Last Runtime    Last Run
-----------------------------------  -----  ---------  --------  ----------  --------------  -------------------
/opt/airflow/dags/first_pipeline.py                           1           0  0.29s           2024-06-25T13:12:02
================================================================================
[2024-06-25T13:12:49.882+0000] {manager.py:878} INFO - 
================================================================================
DAG File Processing Stats

File Path                            PID    Runtime      # DAGs    # Errors  Last Runtime    Last Run
-----------------------------------  -----  ---------  --------  ----------  --------------  -------------------
/opt/airflow/dags/first_pipeline.py                           1           0  0.39s           2024-06-25T13:12:33
================================================================================
[2024-06-25T13:13:20.523+0000] {manager.py:878} INFO - 
================================================================================
DAG File Processing Stats

File Path                            PID    Runtime      # DAGs    # Errors  Last Runtime    Last Run
-----------------------------------  -----  ---------  --------  ----------  --------------  -------------------
/opt/airflow/dags/first_pipeline.py                           1           0  0.29s           2024-06-25T13:13:03
================================================================================
[2024-06-25T13:13:29.598+0000] {manager.py:737} INFO - Searching for files in /opt/airflow/dags
[2024-06-25T13:13:29.649+0000] {manager.py:740} INFO - There are 1 files in /opt/airflow/dags
[2024-06-25T13:13:51.179+0000] {manager.py:878} INFO - 
================================================================================
DAG File Processing Stats

File Path                            PID    Runtime      # DAGs    # Errors  Last Runtime    Last Run
-----------------------------------  -----  ---------  --------  ----------  --------------  -------------------
/opt/airflow/dags/first_pipeline.py                           1           0  0.40s           2024-06-25T13:13:34
================================================================================
[2024-06-25T13:14:21.430+0000] {manager.py:878} INFO - 
================================================================================
DAG File Processing Stats

File Path                            PID    Runtime      # DAGs    # Errors  Last Runtime    Last Run
-----------------------------------  -----  ---------  --------  ----------  --------------  -------------------
/opt/airflow/dags/first_pipeline.py                           1           0  0.24s           2024-06-25T13:14:04
================================================================================
[2024-06-25T13:14:51.859+0000] {manager.py:878} INFO - 
================================================================================
DAG File Processing Stats

File Path                            PID    Runtime      # DAGs    # Errors  Last Runtime    Last Run
-----------------------------------  -----  ---------  --------  ----------  --------------  -------------------
/opt/airflow/dags/first_pipeline.py                           1           0  0.24s           2024-06-25T13:14:34
================================================================================
[2024-06-25T13:15:22.454+0000] {manager.py:878} INFO - 
================================================================================
DAG File Processing Stats

File Path                            PID    Runtime      # DAGs    # Errors  Last Runtime    Last Run
-----------------------------------  -----  ---------  --------  ----------  --------------  -------------------
/opt/airflow/dags/first_pipeline.py                           1           0  0.40s           2024-06-25T13:15:05
================================================================================
[2024-06-25T13:15:52.971+0000] {manager.py:878} INFO - 
================================================================================
DAG File Processing Stats

File Path                            PID    Runtime      # DAGs    # Errors  Last Runtime    Last Run
-----------------------------------  -----  ---------  --------  ----------  --------------  -------------------
/opt/airflow/dags/first_pipeline.py                           1           0  0.25s           2024-06-25T13:15:35
================================================================================
