[2024-06-25T12:35:09.542+0000] {local_task_job_runner.py:120} INFO - ::group::Pre task execution logs
[2024-06-25T12:35:09.808+0000] {taskinstance.py:2076} INFO - Dependencies all met for dep_context=non-requeueable deps ti=<TaskInstance: first_pipeline.start scheduled__2023-09-01T00:00:00+00:00 [queued]>
[2024-06-25T12:35:09.864+0000] {taskinstance.py:2076} INFO - Dependencies all met for dep_context=requeueable deps ti=<TaskInstance: first_pipeline.start scheduled__2023-09-01T00:00:00+00:00 [queued]>
[2024-06-25T12:35:09.867+0000] {taskinstance.py:2306} INFO - Starting attempt 1 of 1
[2024-06-25T12:35:10.117+0000] {taskinstance.py:2330} INFO - Executing <Task(BashOperator): start> on 2023-09-01 00:00:00+00:00
[2024-06-25T12:35:10.191+0000] {logging_mixin.py:188} WARNING - /home/***/.local/lib/python3.12/site-packages/***/task/task_runner/standard_task_runner.py:61 DeprecationWarning: This process (pid=2374) is multi-threaded, use of fork() may lead to deadlocks in the child.
[2024-06-25T12:35:10.194+0000] {standard_task_runner.py:63} INFO - Started process 2386 to run task
[2024-06-25T12:35:10.196+0000] {standard_task_runner.py:90} INFO - Running: ['***', 'tasks', 'run', 'first_pipeline', 'start', 'scheduled__2023-09-01T00:00:00+00:00', '--job-id', '719', '--raw', '--subdir', 'DAGS_FOLDER/first_pipeline.py', '--cfg-path', '/tmp/tmpiz6a_wb4']
[2024-06-25T12:35:10.218+0000] {standard_task_runner.py:91} INFO - Job 719: Subtask start
[2024-06-25T12:35:10.381+0000] {logging_mixin.py:188} WARNING - /home/***/.local/lib/python3.12/site-packages/***/settings.py:195 DeprecationWarning: The sql_alchemy_conn option in [core] has been moved to the sql_alchemy_conn option in [database] - the old setting has been used, but please update your config.
[2024-06-25T12:35:10.610+0000] {task_command.py:426} INFO - Running <TaskInstance: first_pipeline.start scheduled__2023-09-01T00:00:00+00:00 [running]> on host 9e56b32d651a
[2024-06-25T12:35:11.117+0000] {taskinstance.py:2648} INFO - Exporting env vars: AIRFLOW_CTX_DAG_OWNER='***' AIRFLOW_CTX_DAG_ID='first_pipeline' AIRFLOW_CTX_TASK_ID='start' AIRFLOW_CTX_EXECUTION_DATE='2023-09-01T00:00:00+00:00' AIRFLOW_CTX_TRY_NUMBER='1' AIRFLOW_CTX_DAG_RUN_ID='scheduled__2023-09-01T00:00:00+00:00'
[2024-06-25T12:35:11.127+0000] {taskinstance.py:430} INFO - ::endgroup::
[2024-06-25T12:35:11.130+0000] {subprocess.py:63} INFO - Tmp dir root location: /tmp
[2024-06-25T12:35:11.138+0000] {subprocess.py:75} INFO - Running command: ['/usr/bin/bash', '-c', 'echo "Starting the pipeline..."']
[2024-06-25T12:35:11.170+0000] {subprocess.py:86} INFO - Output:
[2024-06-25T12:35:11.183+0000] {subprocess.py:93} INFO - Starting the pipeline...
[2024-06-25T12:35:11.186+0000] {subprocess.py:97} INFO - Command exited with return code 0
[2024-06-25T12:35:11.187+0000] {taskinstance.py:441} INFO - ::group::Post task execution logs
[2024-06-25T12:35:11.273+0000] {taskinstance.py:1206} INFO - Marking task as SUCCESS. dag_id=first_pipeline, task_id=start, run_id=scheduled__2023-09-01T00:00:00+00:00, execution_date=20230901T000000, start_date=20240625T123509, end_date=20240625T123511
[2024-06-25T12:35:11.533+0000] {local_task_job_runner.py:240} INFO - Task exited with return code 0
[2024-06-25T12:35:11.758+0000] {taskinstance.py:3503} INFO - 1 downstream tasks scheduled from follow-on schedule check
[2024-06-25T12:35:11.787+0000] {local_task_job_runner.py:222} INFO - ::endgroup::
