[2024-06-25T12:31:26.010+0000] {local_task_job_runner.py:120} INFO - ::group::Pre task execution logs
[2024-06-25T12:31:26.582+0000] {taskinstance.py:2076} INFO - Dependencies all met for dep_context=non-requeueable deps ti=<TaskInstance: first_pipeline.start scheduled__2023-05-28T00:00:00+00:00 [queued]>
[2024-06-25T12:31:26.884+0000] {taskinstance.py:2076} INFO - Dependencies all met for dep_context=requeueable deps ti=<TaskInstance: first_pipeline.start scheduled__2023-05-28T00:00:00+00:00 [queued]>
[2024-06-25T12:31:26.901+0000] {taskinstance.py:2306} INFO - Starting attempt 1 of 1
[2024-06-25T12:31:27.358+0000] {taskinstance.py:2330} INFO - Executing <Task(BashOperator): start> on 2023-05-28 00:00:00+00:00
[2024-06-25T12:31:27.475+0000] {standard_task_runner.py:90} INFO - Running: ['***', 'tasks', 'run', 'first_pipeline', 'start', 'scheduled__2023-05-28T00:00:00+00:00', '--job-id', '437', '--raw', '--subdir', 'DAGS_FOLDER/first_pipeline.py', '--cfg-path', '/tmp/tmpsnimu0dg']
[2024-06-25T12:31:27.561+0000] {standard_task_runner.py:91} INFO - Job 437: Subtask start
[2024-06-25T12:31:27.552+0000] {logging_mixin.py:188} WARNING - /home/***/.local/lib/python3.12/site-packages/***/task/task_runner/standard_task_runner.py:61 DeprecationWarning: This process (pid=1586) is multi-threaded, use of fork() may lead to deadlocks in the child.
[2024-06-25T12:31:27.591+0000] {standard_task_runner.py:63} INFO - Started process 1594 to run task
[2024-06-25T12:31:27.816+0000] {logging_mixin.py:188} WARNING - /home/***/.local/lib/python3.12/site-packages/***/settings.py:195 DeprecationWarning: The sql_alchemy_conn option in [core] has been moved to the sql_alchemy_conn option in [database] - the old setting has been used, but please update your config.
[2024-06-25T12:31:28.398+0000] {task_command.py:426} INFO - Running <TaskInstance: first_pipeline.start scheduled__2023-05-28T00:00:00+00:00 [running]> on host 9e56b32d651a
[2024-06-25T12:31:30.605+0000] {taskinstance.py:2648} INFO - Exporting env vars: AIRFLOW_CTX_DAG_OWNER='***' AIRFLOW_CTX_DAG_ID='first_pipeline' AIRFLOW_CTX_TASK_ID='start' AIRFLOW_CTX_EXECUTION_DATE='2023-05-28T00:00:00+00:00' AIRFLOW_CTX_TRY_NUMBER='1' AIRFLOW_CTX_DAG_RUN_ID='scheduled__2023-05-28T00:00:00+00:00'
[2024-06-25T12:31:30.649+0000] {taskinstance.py:430} INFO - ::endgroup::
[2024-06-25T12:31:30.664+0000] {subprocess.py:63} INFO - Tmp dir root location: /tmp
[2024-06-25T12:31:30.714+0000] {subprocess.py:75} INFO - Running command: ['/usr/bin/bash', '-c', 'echo "Starting the pipeline..."']
[2024-06-25T12:31:30.968+0000] {subprocess.py:86} INFO - Output:
[2024-06-25T12:31:31.000+0000] {subprocess.py:93} INFO - Starting the pipeline...
[2024-06-25T12:31:31.010+0000] {subprocess.py:97} INFO - Command exited with return code 0
[2024-06-25T12:31:31.014+0000] {taskinstance.py:441} INFO - ::group::Post task execution logs
[2024-06-25T12:31:31.298+0000] {taskinstance.py:1206} INFO - Marking task as SUCCESS. dag_id=first_pipeline, task_id=start, run_id=scheduled__2023-05-28T00:00:00+00:00, execution_date=20230528T000000, start_date=20240625T123126, end_date=20240625T123131
[2024-06-25T12:31:31.811+0000] {local_task_job_runner.py:240} INFO - Task exited with return code 0
[2024-06-25T12:31:32.096+0000] {taskinstance.py:3503} INFO - 1 downstream tasks scheduled from follow-on schedule check
[2024-06-25T12:31:32.138+0000] {local_task_job_runner.py:222} INFO - ::endgroup::
