[2024-06-25T12:36:40.590+0000] {local_task_job_runner.py:120} INFO - ::group::Pre task execution logs
[2024-06-25T12:36:41.963+0000] {taskinstance.py:2076} INFO - Dependencies all met for dep_context=non-requeueable deps ti=<TaskInstance: first_pipeline.end scheduled__2023-10-01T00:00:00+00:00 [queued]>
[2024-06-25T12:36:42.633+0000] {taskinstance.py:2076} INFO - Dependencies all met for dep_context=requeueable deps ti=<TaskInstance: first_pipeline.end scheduled__2023-10-01T00:00:00+00:00 [queued]>
[2024-06-25T12:36:42.730+0000] {taskinstance.py:2306} INFO - Starting attempt 1 of 1
[2024-06-25T12:36:43.433+0000] {taskinstance.py:2330} INFO - Executing <Task(BashOperator): end> on 2023-10-01 00:00:00+00:00
[2024-06-25T12:36:43.633+0000] {logging_mixin.py:188} WARNING - /home/***/.local/lib/python3.12/site-packages/***/task/task_runner/standard_task_runner.py:61 DeprecationWarning: This process (pid=2708) is multi-threaded, use of fork() may lead to deadlocks in the child.
[2024-06-25T12:36:43.721+0000] {standard_task_runner.py:63} INFO - Started process 2725 to run task
[2024-06-25T12:36:43.758+0000] {standard_task_runner.py:90} INFO - Running: ['***', 'tasks', 'run', 'first_pipeline', 'end', 'scheduled__2023-10-01T00:00:00+00:00', '--job-id', '841', '--raw', '--subdir', 'DAGS_FOLDER/first_pipeline.py', '--cfg-path', '/tmp/tmpe52zfkrm']
[2024-06-25T12:36:43.805+0000] {standard_task_runner.py:91} INFO - Job 841: Subtask end
[2024-06-25T12:36:44.232+0000] {logging_mixin.py:188} WARNING - /home/***/.local/lib/python3.12/site-packages/***/settings.py:195 DeprecationWarning: The sql_alchemy_conn option in [core] has been moved to the sql_alchemy_conn option in [database] - the old setting has been used, but please update your config.
[2024-06-25T12:36:45.714+0000] {task_command.py:426} INFO - Running <TaskInstance: first_pipeline.end scheduled__2023-10-01T00:00:00+00:00 [running]> on host 9e56b32d651a
[2024-06-25T12:36:48.002+0000] {taskinstance.py:2648} INFO - Exporting env vars: AIRFLOW_CTX_DAG_OWNER='***' AIRFLOW_CTX_DAG_ID='first_pipeline' AIRFLOW_CTX_TASK_ID='end' AIRFLOW_CTX_EXECUTION_DATE='2023-10-01T00:00:00+00:00' AIRFLOW_CTX_TRY_NUMBER='1' AIRFLOW_CTX_DAG_RUN_ID='scheduled__2023-10-01T00:00:00+00:00'
[2024-06-25T12:36:48.026+0000] {taskinstance.py:430} INFO - ::endgroup::
[2024-06-25T12:36:48.073+0000] {subprocess.py:63} INFO - Tmp dir root location: /tmp
[2024-06-25T12:36:48.144+0000] {subprocess.py:75} INFO - Running command: ['/usr/bin/bash', '-c', 'echo "Pipeline finished."']
[2024-06-25T12:36:48.379+0000] {subprocess.py:86} INFO - Output:
[2024-06-25T12:36:48.475+0000] {subprocess.py:93} INFO - Pipeline finished.
[2024-06-25T12:36:48.502+0000] {subprocess.py:97} INFO - Command exited with return code 0
[2024-06-25T12:36:48.522+0000] {taskinstance.py:441} INFO - ::group::Post task execution logs
[2024-06-25T12:36:49.276+0000] {taskinstance.py:1206} INFO - Marking task as SUCCESS. dag_id=first_pipeline, task_id=end, run_id=scheduled__2023-10-01T00:00:00+00:00, execution_date=20231001T000000, start_date=20240625T123641, end_date=20240625T123649
[2024-06-25T12:36:51.626+0000] {local_task_job_runner.py:240} INFO - Task exited with return code 0
[2024-06-25T12:36:52.270+0000] {taskinstance.py:3503} INFO - 0 downstream tasks scheduled from follow-on schedule check
[2024-06-25T12:36:52.818+0000] {local_task_job_runner.py:222} INFO - ::endgroup::
