[2024-06-25T12:35:25.291+0000] {local_task_job_runner.py:120} INFO - ::group::Pre task execution logs
[2024-06-25T12:35:25.599+0000] {taskinstance.py:2076} INFO - Dependencies all met for dep_context=non-requeueable deps ti=<TaskInstance: first_pipeline.end scheduled__2023-09-03T00:00:00+00:00 [queued]>
[2024-06-25T12:35:25.724+0000] {taskinstance.py:2076} INFO - Dependencies all met for dep_context=requeueable deps ti=<TaskInstance: first_pipeline.end scheduled__2023-09-03T00:00:00+00:00 [queued]>
[2024-06-25T12:35:25.732+0000] {taskinstance.py:2306} INFO - Starting attempt 1 of 1
[2024-06-25T12:35:25.891+0000] {taskinstance.py:2330} INFO - Executing <Task(BashOperator): end> on 2023-09-03 00:00:00+00:00
[2024-06-25T12:35:25.937+0000] {standard_task_runner.py:90} INFO - Running: ['***', 'tasks', 'run', 'first_pipeline', 'end', 'scheduled__2023-09-03T00:00:00+00:00', '--job-id', '749', '--raw', '--subdir', 'DAGS_FOLDER/first_pipeline.py', '--cfg-path', '/tmp/tmppth1uqhy']
[2024-06-25T12:35:25.986+0000] {logging_mixin.py:188} WARNING - /home/***/.local/lib/python3.12/site-packages/***/task/task_runner/standard_task_runner.py:61 DeprecationWarning: This process (pid=2451) is multi-threaded, use of fork() may lead to deadlocks in the child.
[2024-06-25T12:35:25.995+0000] {standard_task_runner.py:63} INFO - Started process 2464 to run task
[2024-06-25T12:35:25.994+0000] {standard_task_runner.py:91} INFO - Job 749: Subtask end
[2024-06-25T12:35:26.252+0000] {logging_mixin.py:188} WARNING - /home/***/.local/lib/python3.12/site-packages/***/settings.py:195 DeprecationWarning: The sql_alchemy_conn option in [core] has been moved to the sql_alchemy_conn option in [database] - the old setting has been used, but please update your config.
[2024-06-25T12:35:26.584+0000] {task_command.py:426} INFO - Running <TaskInstance: first_pipeline.end scheduled__2023-09-03T00:00:00+00:00 [running]> on host 9e56b32d651a
[2024-06-25T12:35:27.254+0000] {taskinstance.py:2648} INFO - Exporting env vars: AIRFLOW_CTX_DAG_OWNER='***' AIRFLOW_CTX_DAG_ID='first_pipeline' AIRFLOW_CTX_TASK_ID='end' AIRFLOW_CTX_EXECUTION_DATE='2023-09-03T00:00:00+00:00' AIRFLOW_CTX_TRY_NUMBER='1' AIRFLOW_CTX_DAG_RUN_ID='scheduled__2023-09-03T00:00:00+00:00'
[2024-06-25T12:35:27.268+0000] {taskinstance.py:430} INFO - ::endgroup::
[2024-06-25T12:35:27.270+0000] {subprocess.py:63} INFO - Tmp dir root location: /tmp
[2024-06-25T12:35:27.273+0000] {subprocess.py:75} INFO - Running command: ['/usr/bin/bash', '-c', 'echo "Pipeline finished."']
[2024-06-25T12:35:27.311+0000] {subprocess.py:86} INFO - Output:
[2024-06-25T12:35:27.317+0000] {subprocess.py:93} INFO - Pipeline finished.
[2024-06-25T12:35:27.319+0000] {subprocess.py:97} INFO - Command exited with return code 0
[2024-06-25T12:35:27.321+0000] {taskinstance.py:441} INFO - ::group::Post task execution logs
[2024-06-25T12:35:27.413+0000] {taskinstance.py:1206} INFO - Marking task as SUCCESS. dag_id=first_pipeline, task_id=end, run_id=scheduled__2023-09-03T00:00:00+00:00, execution_date=20230903T000000, start_date=20240625T123525, end_date=20240625T123527
[2024-06-25T12:35:27.520+0000] {local_task_job_runner.py:240} INFO - Task exited with return code 0
[2024-06-25T12:35:27.776+0000] {taskinstance.py:3503} INFO - 0 downstream tasks scheduled from follow-on schedule check
[2024-06-25T12:35:27.839+0000] {local_task_job_runner.py:222} INFO - ::endgroup::
