[2024-06-25T12:25:31.941+0000] {local_task_job_runner.py:120} INFO - ::group::Pre task execution logs
[2024-06-25T12:25:32.349+0000] {taskinstance.py:2076} INFO - Dependencies all met for dep_context=non-requeueable deps ti=<TaskInstance: first_pipeline.end scheduled__2023-01-13T00:00:00+00:00 [queued]>
[2024-06-25T12:25:32.472+0000] {taskinstance.py:2076} INFO - Dependencies all met for dep_context=requeueable deps ti=<TaskInstance: first_pipeline.end scheduled__2023-01-13T00:00:00+00:00 [queued]>
[2024-06-25T12:25:32.474+0000] {taskinstance.py:2306} INFO - Starting attempt 1 of 1
[2024-06-25T12:25:32.759+0000] {taskinstance.py:2330} INFO - Executing <Task(BashOperator): end> on 2023-01-13 00:00:00+00:00
[2024-06-25T12:25:32.909+0000] {logging_mixin.py:188} WARNING - /home/***/.local/lib/python3.12/site-packages/***/task/task_runner/standard_task_runner.py:61 DeprecationWarning: This process (pid=480) is multi-threaded, use of fork() may lead to deadlocks in the child.
[2024-06-25T12:25:32.946+0000] {standard_task_runner.py:63} INFO - Started process 495 to run task
[2024-06-25T12:25:32.924+0000] {standard_task_runner.py:90} INFO - Running: ['***', 'tasks', 'run', 'first_pipeline', 'end', 'scheduled__2023-01-13T00:00:00+00:00', '--job-id', '49', '--raw', '--subdir', 'DAGS_FOLDER/first_pipeline.py', '--cfg-path', '/tmp/tmpygzk6of3']
[2024-06-25T12:25:32.949+0000] {standard_task_runner.py:91} INFO - Job 49: Subtask end
[2024-06-25T12:25:33.027+0000] {logging_mixin.py:188} WARNING - /home/***/.local/lib/python3.12/site-packages/***/settings.py:195 DeprecationWarning: The sql_alchemy_conn option in [core] has been moved to the sql_alchemy_conn option in [database] - the old setting has been used, but please update your config.
[2024-06-25T12:25:33.386+0000] {task_command.py:426} INFO - Running <TaskInstance: first_pipeline.end scheduled__2023-01-13T00:00:00+00:00 [running]> on host 9e56b32d651a
[2024-06-25T12:25:34.520+0000] {taskinstance.py:2648} INFO - Exporting env vars: AIRFLOW_CTX_DAG_OWNER='***' AIRFLOW_CTX_DAG_ID='first_pipeline' AIRFLOW_CTX_TASK_ID='end' AIRFLOW_CTX_EXECUTION_DATE='2023-01-13T00:00:00+00:00' AIRFLOW_CTX_TRY_NUMBER='1' AIRFLOW_CTX_DAG_RUN_ID='scheduled__2023-01-13T00:00:00+00:00'
[2024-06-25T12:25:34.548+0000] {taskinstance.py:430} INFO - ::endgroup::
[2024-06-25T12:25:34.551+0000] {subprocess.py:63} INFO - Tmp dir root location: /tmp
[2024-06-25T12:25:34.554+0000] {subprocess.py:75} INFO - Running command: ['/usr/bin/bash', '-c', 'echo "Pipeline finished."']
[2024-06-25T12:25:34.608+0000] {subprocess.py:86} INFO - Output:
[2024-06-25T12:25:34.671+0000] {subprocess.py:93} INFO - Pipeline finished.
[2024-06-25T12:25:34.688+0000] {subprocess.py:97} INFO - Command exited with return code 0
[2024-06-25T12:25:34.691+0000] {taskinstance.py:441} INFO - ::group::Post task execution logs
[2024-06-25T12:25:35.088+0000] {taskinstance.py:1206} INFO - Marking task as SUCCESS. dag_id=first_pipeline, task_id=end, run_id=scheduled__2023-01-13T00:00:00+00:00, execution_date=20230113T000000, start_date=20240625T122532, end_date=20240625T122535
[2024-06-25T12:25:35.279+0000] {local_task_job_runner.py:240} INFO - Task exited with return code 0
[2024-06-25T12:25:35.370+0000] {taskinstance.py:3503} INFO - 0 downstream tasks scheduled from follow-on schedule check
[2024-06-25T12:25:35.380+0000] {local_task_job_runner.py:222} INFO - ::endgroup::
